<?xml version="1.0" encoding="UTF-8"?>
<testsuite name="com.example.service.AccountServiceTest" tests="1" skipped="0" failures="0" errors="0" timestamp="2024-04-15T14:08:57" hostname="EEPARTSJOO02" time="1.244">
  <properties/>
  <testcase name="test()" classname="com.example.service.AccountServiceTest" time="1.244"/>
  <system-out><![CDATA[Standard Commons Logging discovery in action with spring-jcl: please remove commons-logging.jar from classpath in order to avoid potential conflicts
17:07:50.592 [Test worker] INFO org.testcontainers.images.PullPolicy -- Image pull policy will be performed by: DefaultPullPolicy()
17:07:50.610 [Test worker] INFO org.testcontainers.utility.ImageNameSubstitutor -- Image name substitution will be performed by: DefaultImageNameSubstitutor (composite of 'ConfigurationFileImageNameSubstitutor' and 'PrefixingImageNameSubstitutor')
17:07:51.432 [Test worker] INFO org.testcontainers.dockerclient.DockerClientProviderStrategy -- Loaded org.testcontainers.dockerclient.NpipeSocketClientProviderStrategy from ~/.testcontainers.properties, will try it first
17:07:52.125 [Test worker] INFO org.testcontainers.dockerclient.DockerClientProviderStrategy -- Found Docker environment with local Npipe socket (npipe:////./pipe/docker_engine)
17:07:52.127 [Test worker] INFO org.testcontainers.DockerClientFactory -- Docker host IP address is localhost
17:07:52.157 [Test worker] INFO org.testcontainers.DockerClientFactory -- Connected to docker: 
  Server Version: 24.0.6
  API Version: 1.43
  Operating System: Docker Desktop
  Total Memory: 15835 MB
17:07:52.238 [Test worker] INFO tc.testcontainers/ryuk:0.6.0 -- Creating container for image: testcontainers/ryuk:0.6.0
17:07:52.467 [Test worker] INFO org.testcontainers.utility.RegistryAuthLocator -- Credential helper/store (docker-credential-wincred) does not have credentials for https://index.docker.io/v1/
17:07:52.701 [Test worker] INFO tc.testcontainers/ryuk:0.6.0 -- Container testcontainers/ryuk:0.6.0 is starting: 4b1262bdf365acb5bb825d6629286e5d3acd50a2f483e4ba169916ff0a943012
17:07:53.275 [Test worker] INFO tc.testcontainers/ryuk:0.6.0 -- Container testcontainers/ryuk:0.6.0 started in PT1.0379279S
17:07:53.286 [Test worker] INFO org.testcontainers.utility.RyukResourceReaper -- Ryuk started - will monitor and terminate Testcontainers containers on JVM exit
17:07:53.286 [Test worker] INFO org.testcontainers.DockerClientFactory -- Checking the system...
17:07:53.287 [Test worker] INFO org.testcontainers.DockerClientFactory -- ?? Docker server version should be at least 1.6.0
17:07:53.289 [Test worker] INFO tc.postgres:15.6-alpine -- Creating container for image: postgres:15.6-alpine
17:07:53.473 [Test worker] INFO tc.postgres:15.6-alpine -- Container postgres:15.6-alpine is starting: e73987545a9cb2129e1bb992cb165cf0ab0b21b190f9dcd965832edccf1d8bbc
17:07:54.937 [Test worker] INFO tc.postgres:15.6-alpine -- Container postgres:15.6-alpine started in PT1.6487094S
17:07:54.939 [Test worker] INFO tc.postgres:15.6-alpine -- Container is started (JDBC URL: jdbc:postgresql://localhost:55630/postgres?loggerLevel=OFF)
17:07:54.939 [Test worker] INFO tc.rabbitmq:3.13-alpine -- Creating container for image: rabbitmq:3.13-alpine
17:07:54.994 [Test worker] INFO tc.rabbitmq:3.13-alpine -- Container rabbitmq:3.13-alpine is starting: 0d823cbc5c13b965124ffda27efc3f694495d156955619e2fd8a97fca04a5603
17:08:05.499 [Test worker] INFO tc.rabbitmq:3.13-alpine -- Container rabbitmq:3.13-alpine started in PT10.55961S
17:08:05.507 [Test worker] INFO tc.openjdk:17-jdk-slim -- Creating container for image: openjdk:17-jdk-slim
17:08:05.590 [Test worker] WARN org.testcontainers.containers.GenericContainer -- folder-like containerPath in copyFileToContainer is deprecated, please explicitly specify a file path
17:08:11.252 [Test worker] INFO tc.openjdk:17-jdk-slim -- Container openjdk:17-jdk-slim is starting: 20761f44a1139dd42d656e8358f91e33825ef468d732b3cb585eb6df5174463c
17:08:13.613 [Test worker] INFO tc.openjdk:17-jdk-slim -- Container openjdk:17-jdk-slim started in PT8.1066443S
17:08:13.614 [Test worker] INFO tc.openjdk:17-jdk-slim -- Creating container for image: openjdk:17-jdk-slim
17:08:13.677 [Test worker] WARN org.testcontainers.containers.GenericContainer -- folder-like containerPath in copyFileToContainer is deprecated, please explicitly specify a file path
17:08:19.231 [Test worker] INFO tc.openjdk:17-jdk-slim -- Container openjdk:17-jdk-slim is starting: ab6787071ab36a4c3bd7e123e2d92d74813371e02f22542c0dea0419a9d7fd1e
17:08:22.523 [Test worker] INFO tc.openjdk:17-jdk-slim -- Container openjdk:17-jdk-slim started in PT8.9091158S
17:08:22.526 [Test worker] INFO tc.openjdk:17-jdk-slim -- Creating container for image: openjdk:17-jdk-slim
17:08:22.613 [Test worker] WARN org.testcontainers.containers.GenericContainer -- folder-like containerPath in copyFileToContainer is deprecated, please explicitly specify a file path
17:08:28.859 [Test worker] INFO tc.openjdk:17-jdk-slim -- Container openjdk:17-jdk-slim is starting: de75a55509a16bf0c1f2d3df284125c41c21fe03e38f6a5f03eede6444f84bbd
17:08:32.624 [Test worker] INFO tc.openjdk:17-jdk-slim -- Container openjdk:17-jdk-slim started in PT10.0979844S

  .   ____          _            __ _ _
 /\\ / ___'_ __ _ _(_)_ __  __ _ \ \ \ \
( ( )\___ | '_ | '_| | '_ \/ _` | \ \ \ \
 \\/  ___)| |_)| | | | | || (_| |  ) ) ) )
  '  |____| .__|_| |_|_| |_\__, | / / / /
 =========|_|==============|___/=/_/_/_/
 :: Spring Boot ::                (v3.2.4)

2024-04-15T17:08:34.553+03:00  INFO 41936 --- [    Test worker] com.example.service.AccountServiceTest   : Starting AccountServiceTest using Java 17.0.9 with PID 41936 (started by partsjoo in C:\Users\partsjoo\IdeaProjects\account-project)
2024-04-15T17:08:34.557+03:00  INFO 41936 --- [    Test worker] com.example.service.AccountServiceTest   : The following 1 profile is active: "integtest"
2024-04-15T17:08:37.958+03:00  INFO 41936 --- [    Test worker] .s.d.r.c.RepositoryConfigurationDelegate : Bootstrapping Spring Data JPA repositories in DEFAULT mode.
2024-04-15T17:08:38.036+03:00  INFO 41936 --- [    Test worker] .s.d.r.c.RepositoryConfigurationDelegate : Finished Spring Data repository scanning in 31 ms. Found 0 JPA repository interfaces.
2024-04-15T17:08:39.317+03:00  INFO 41936 --- [    Test worker] faultConfiguringBeanFactoryPostProcessor : No bean named 'errorChannel' has been explicitly defined. Therefore, a default PublishSubscribeChannel will be created.
2024-04-15T17:08:39.363+03:00  INFO 41936 --- [    Test worker] faultConfiguringBeanFactoryPostProcessor : No bean named 'integrationHeaderChannelRegistry' has been explicitly defined. Therefore, a default DefaultHeaderChannelRegistry will be created.
2024-04-15T17:08:39.942+03:00  INFO 41936 --- [    Test worker] o.s.cloud.context.scope.GenericScope     : BeanFactory id=d8776347-8f12-387a-9fff-615a3b8c61c2
2024-04-15T17:08:43.320+03:00  INFO 41936 --- [    Test worker] liquibase.database                       : Set default schema name to public
2024-04-15T17:08:44.113+03:00  INFO 41936 --- [    Test worker] liquibase.changelog                      : Creating database history table with name: public.dbchangelog_account
2024-04-15T17:08:44.239+03:00  INFO 41936 --- [    Test worker] liquibase.changelog                      : Reading from public.dbchangelog_account
2024-04-15T17:08:44.467+03:00  INFO 41936 --- [    Test worker] liquibase.lockservice                    : Successfully acquired change log lock
2024-04-15T17:08:44.475+03:00  INFO 41936 --- [    Test worker] liquibase.command                        : Using deploymentId: 3190124474
2024-04-15T17:08:44.488+03:00  INFO 41936 --- [    Test worker] liquibase.changelog                      : Reading from public.dbchangelog_account
Running Changeset: db/changelog/sql/account_init.sql::raw::includeAll
2024-04-15T17:08:44.654+03:00  WARN 41936 --- [    Test worker] liquibase.executor                       : relation "accounts" already exists, skipping
2024-04-15T17:08:44.655+03:00  INFO 41936 --- [    Test worker] liquibase.changelog                      : Custom SQL executed
2024-04-15T17:08:44.661+03:00  INFO 41936 --- [    Test worker] liquibase.changelog                      : ChangeSet db/changelog/sql/account_init.sql::raw::includeAll ran successfully in 86ms
2024-04-15T17:08:44.699+03:00  INFO 41936 --- [    Test worker] liquibase.util                           : UPDATE SUMMARY
2024-04-15T17:08:44.700+03:00  INFO 41936 --- [    Test worker] liquibase.util                           : Run:                          1
2024-04-15T17:08:44.700+03:00  INFO 41936 --- [    Test worker] liquibase.util                           : Previously run:               0
2024-04-15T17:08:44.700+03:00  INFO 41936 --- [    Test worker] liquibase.util                           : Filtered out:                 0
2024-04-15T17:08:44.700+03:00  INFO 41936 --- [    Test worker] liquibase.util                           : -------------------------------
2024-04-15T17:08:44.701+03:00  INFO 41936 --- [    Test worker] liquibase.util                           : Total change sets:            1
2024-04-15T17:08:44.701+03:00  INFO 41936 --- [    Test worker] liquibase.util                           : Update summary generated
2024-04-15T17:08:44.708+03:00  INFO 41936 --- [    Test worker] liquibase.command                        : Update command completed successfully.
Liquibase: Update has been successful. Rows affected: 1
2024-04-15T17:08:44.727+03:00  INFO 41936 --- [    Test worker] liquibase.lockservice                    : Successfully released change log lock
2024-04-15T17:08:44.733+03:00  INFO 41936 --- [    Test worker] liquibase.command                        : Command execution complete
2024-04-15T17:08:45.100+03:00  INFO 41936 --- [    Test worker] o.hibernate.jpa.internal.util.LogHelper  : HHH000204: Processing PersistenceUnitInfo [name: default]
2024-04-15T17:08:45.447+03:00  INFO 41936 --- [    Test worker] org.hibernate.Version                    : HHH000412: Hibernate ORM core version 6.4.4.Final
2024-04-15T17:08:45.616+03:00  INFO 41936 --- [    Test worker] o.h.c.internal.RegionFactoryInitiator    : HHH000026: Second-level cache disabled
2024-04-15T17:08:46.646+03:00  INFO 41936 --- [    Test worker] o.s.o.j.p.SpringPersistenceUnitInfo      : No LoadTimeWeaver setup: ignoring JPA class transformer
2024-04-15T17:08:46.765+03:00  INFO 41936 --- [    Test worker] com.zaxxer.hikari.HikariDataSource       : HikariPool-1 - Starting...
2024-04-15T17:08:46.938+03:00  INFO 41936 --- [    Test worker] com.zaxxer.hikari.pool.HikariPool        : HikariPool-1 - Added connection org.postgresql.jdbc.PgConnection@581d1c66
2024-04-15T17:08:46.946+03:00  INFO 41936 --- [    Test worker] com.zaxxer.hikari.HikariDataSource       : HikariPool-1 - Start completed.
2024-04-15T17:08:48.654+03:00  INFO 41936 --- [    Test worker] o.h.e.t.j.p.i.JtaPlatformInitiator       : HHH000489: No JTA platform available (set 'hibernate.transaction.jta.platform' to enable JTA platform integration)
2024-04-15T17:08:48.680+03:00  INFO 41936 --- [    Test worker] j.LocalContainerEntityManagerFactoryBean : Initialized JPA EntityManagerFactory for persistence unit 'default'
2024-04-15T17:08:50.854+03:00  WARN 41936 --- [    Test worker] JpaBaseConfiguration$JpaWebConfiguration : spring.jpa.open-in-view is enabled by default. Therefore, database queries may be performed during view rendering. Explicitly configure spring.jpa.open-in-view to disable this warning
2024-04-15T17:08:52.520+03:00  INFO 41936 --- [    Test worker] c.r.stream.impl.StreamEnvironment        : Connecting to localhost with guest user, assuming development environment
2024-04-15T17:08:52.520+03:00  INFO 41936 --- [    Test worker] c.r.stream.impl.StreamEnvironment        : Using address resolver to always connect to localhost
2024-04-15T17:08:54.351+03:00  INFO 41936 --- [    Test worker] o.s.c.s.m.DirectWithAttributesChannel    : Channel 'application.springCloudBusInput' has 1 subscriber(s).
2024-04-15T17:08:54.565+03:00  INFO 41936 --- [    Test worker] o.s.i.endpoint.EventDrivenConsumer       : Adding {logging-channel-adapter:_org.springframework.integration.errorLogger} as a subscriber to the 'errorChannel' channel
2024-04-15T17:08:54.566+03:00  INFO 41936 --- [    Test worker] o.s.i.channel.PublishSubscribeChannel    : Channel 'application.errorChannel' has 1 subscriber(s).
2024-04-15T17:08:54.567+03:00  INFO 41936 --- [    Test worker] o.s.i.endpoint.EventDrivenConsumer       : started bean '_org.springframework.integration.errorLogger'
2024-04-15T17:08:54.569+03:00  INFO 41936 --- [    Test worker] o.s.c.s.binder.DefaultBinderFactory      : Creating binder: integration
2024-04-15T17:08:54.570+03:00  INFO 41936 --- [    Test worker] o.s.c.s.binder.DefaultBinderFactory      : Constructing binder child context for integration
2024-04-15T17:08:54.690+03:00  INFO 41936 --- [    Test worker] o.s.c.s.binder.DefaultBinderFactory      : Caching the binder: integration
2024-04-15T17:08:54.717+03:00  INFO 41936 --- [    Test worker] o.s.c.stream.binder.BinderErrorChannel   : Channel '1572808002.springCloudBusInput.errors' has 1 subscriber(s).
2024-04-15T17:08:54.719+03:00  INFO 41936 --- [    Test worker] o.s.c.stream.binder.BinderErrorChannel   : Channel '1572808002.springCloudBusInput.errors' has 2 subscriber(s).
2024-04-15T17:08:54.720+03:00  INFO 41936 --- [    Test worker] o.s.i.channel.PublishSubscribeChannel    : Channel 'springCloudBus.destination' has 1 subscriber(s).
2024-04-15T17:08:54.723+03:00  INFO 41936 --- [    Test worker] r$IntegrationBinderInboundChannelAdapter : started org.springframework.cloud.stream.binder.test.TestChannelBinder$IntegrationBinderInboundChannelAdapter@77c2f58b
2024-04-15T17:08:54.734+03:00  INFO 41936 --- [    Test worker] o.s.a.r.c.CachingConnectionFactory       : Attempting to connect to: [rabbitmq:5672]
2024-04-15T17:08:57.483+03:00  INFO 41936 --- [    Test worker] o.s.a.r.l.SimpleMessageListenerContainer : Broker not available; cannot force queue declarations during start: java.net.UnknownHostException: No such host is known (rabbitmq)
2024-04-15T17:08:57.507+03:00  INFO 41936 --- [ntContainer#0-1] o.s.a.r.c.CachingConnectionFactory       : Attempting to connect to: [rabbitmq:5672]
2024-04-15T17:08:57.511+03:00 ERROR 41936 --- [ntContainer#0-1] o.s.a.r.l.SimpleMessageListenerContainer : Failed to check/redeclare auto-delete queue(s).

org.springframework.amqp.AmqpIOException: java.net.UnknownHostException: rabbitmq
	at org.springframework.amqp.rabbit.support.RabbitExceptionTranslator.convertRabbitAccessException(RabbitExceptionTranslator.java:70) ~[spring-rabbit-3.1.3.jar:3.1.3]
	at org.springframework.amqp.rabbit.connection.AbstractConnectionFactory.createBareConnection(AbstractConnectionFactory.java:622) ~[spring-rabbit-3.1.3.jar:3.1.3]
	at org.springframework.amqp.rabbit.connection.CachingConnectionFactory.createConnection(CachingConnectionFactory.java:727) ~[spring-rabbit-3.1.3.jar:3.1.3]
	at org.springframework.amqp.rabbit.connection.ConnectionFactoryUtils.createConnection(ConnectionFactoryUtils.java:257) ~[spring-rabbit-3.1.3.jar:3.1.3]
	at org.springframework.amqp.rabbit.core.RabbitTemplate.doExecute(RabbitTemplate.java:2249) ~[spring-rabbit-3.1.3.jar:3.1.3]
	at org.springframework.amqp.rabbit.core.RabbitTemplate.execute(RabbitTemplate.java:2222) ~[spring-rabbit-3.1.3.jar:3.1.3]
	at org.springframework.amqp.rabbit.core.RabbitTemplate.execute(RabbitTemplate.java:2202) ~[spring-rabbit-3.1.3.jar:3.1.3]
	at org.springframework.amqp.rabbit.core.RabbitAdmin.getQueueInfo(RabbitAdmin.java:467) ~[spring-rabbit-3.1.3.jar:3.1.3]
	at org.springframework.amqp.rabbit.core.RabbitAdmin.getQueueProperties(RabbitAdmin.java:451) ~[spring-rabbit-3.1.3.jar:3.1.3]
	at org.springframework.amqp.rabbit.listener.AbstractMessageListenerContainer.attemptDeclarations(AbstractMessageListenerContainer.java:1960) ~[spring-rabbit-3.1.3.jar:3.1.3]
	at org.springframework.amqp.rabbit.listener.AbstractMessageListenerContainer.redeclareElementsIfNecessary(AbstractMessageListenerContainer.java:1924) ~[spring-rabbit-3.1.3.jar:3.1.3]
	at org.springframework.amqp.rabbit.listener.SimpleMessageListenerContainer$AsyncMessageProcessingConsumer.initialize(SimpleMessageListenerContainer.java:1480) ~[spring-rabbit-3.1.3.jar:3.1.3]
	at org.springframework.amqp.rabbit.listener.SimpleMessageListenerContainer$AsyncMessageProcessingConsumer.run(SimpleMessageListenerContainer.java:1322) ~[spring-rabbit-3.1.3.jar:3.1.3]
	at java.base/java.lang.Thread.run(Thread.java:842) ~[na:na]
Caused by: java.net.UnknownHostException: rabbitmq
	at java.base/java.net.InetAddress$CachedAddresses.get(InetAddress.java:801) ~[na:na]
	at java.base/java.net.InetAddress.getAllByName0(InetAddress.java:1532) ~[na:na]
	at java.base/java.net.InetAddress.getAllByName(InetAddress.java:1384) ~[na:na]
	at java.base/java.net.InetAddress.getAllByName(InetAddress.java:1305) ~[na:na]
	at com.rabbitmq.client.DnsRecordIpAddressResolver.resolveIpAddresses(DnsRecordIpAddressResolver.java:83) ~[amqp-client-5.19.0.jar:5.19.0]
	at com.rabbitmq.client.DnsRecordIpAddressResolver.getAddresses(DnsRecordIpAddressResolver.java:73) ~[amqp-client-5.19.0.jar:5.19.0]
	at com.rabbitmq.client.ConnectionFactory.newConnection(ConnectionFactory.java:1245) ~[amqp-client-5.19.0.jar:5.19.0]
	at com.rabbitmq.client.ConnectionFactory.newConnection(ConnectionFactory.java:1198) ~[amqp-client-5.19.0.jar:5.19.0]
	at org.springframework.amqp.rabbit.connection.AbstractConnectionFactory.connectAddresses(AbstractConnectionFactory.java:668) ~[spring-rabbit-3.1.3.jar:3.1.3]
	at org.springframework.amqp.rabbit.connection.AbstractConnectionFactory.connect(AbstractConnectionFactory.java:637) ~[spring-rabbit-3.1.3.jar:3.1.3]
	at org.springframework.amqp.rabbit.connection.AbstractConnectionFactory.createBareConnection(AbstractConnectionFactory.java:584) ~[spring-rabbit-3.1.3.jar:3.1.3]
	... 12 common frames omitted

2024-04-15T17:08:57.541+03:00  INFO 41936 --- [ntContainer#0-1] o.s.a.r.c.CachingConnectionFactory       : Attempting to connect to: [rabbitmq:5672]
2024-04-15T17:08:57.542+03:00  INFO 41936 --- [    Test worker] o.s.a.r.c.CachingConnectionFactory       : Attempting to connect to: [rabbitmq:5672]
2024-04-15T17:08:57.543+03:00  INFO 41936 --- [    Test worker] o.s.a.r.l.SimpleMessageListenerContainer : Broker not available; cannot force queue declarations during start: java.net.UnknownHostException: rabbitmq
2024-04-15T17:08:57.545+03:00  INFO 41936 --- [ntContainer#1-1] o.s.a.r.c.CachingConnectionFactory       : Attempting to connect to: [rabbitmq:5672]
2024-04-15T17:08:57.545+03:00 ERROR 41936 --- [ntContainer#1-1] o.s.a.r.l.SimpleMessageListenerContainer : Failed to check/redeclare auto-delete queue(s).

org.springframework.amqp.AmqpIOException: java.net.UnknownHostException: rabbitmq
	at org.springframework.amqp.rabbit.support.RabbitExceptionTranslator.convertRabbitAccessException(RabbitExceptionTranslator.java:70) ~[spring-rabbit-3.1.3.jar:3.1.3]
	at org.springframework.amqp.rabbit.connection.AbstractConnectionFactory.createBareConnection(AbstractConnectionFactory.java:622) ~[spring-rabbit-3.1.3.jar:3.1.3]
	at org.springframework.amqp.rabbit.connection.CachingConnectionFactory.createConnection(CachingConnectionFactory.java:727) ~[spring-rabbit-3.1.3.jar:3.1.3]
	at org.springframework.amqp.rabbit.connection.ConnectionFactoryUtils.createConnection(ConnectionFactoryUtils.java:257) ~[spring-rabbit-3.1.3.jar:3.1.3]
	at org.springframework.amqp.rabbit.core.RabbitTemplate.doExecute(RabbitTemplate.java:2249) ~[spring-rabbit-3.1.3.jar:3.1.3]
	at org.springframework.amqp.rabbit.core.RabbitTemplate.execute(RabbitTemplate.java:2222) ~[spring-rabbit-3.1.3.jar:3.1.3]
	at org.springframework.amqp.rabbit.core.RabbitTemplate.execute(RabbitTemplate.java:2202) ~[spring-rabbit-3.1.3.jar:3.1.3]
	at org.springframework.amqp.rabbit.core.RabbitAdmin.getQueueInfo(RabbitAdmin.java:467) ~[spring-rabbit-3.1.3.jar:3.1.3]
	at org.springframework.amqp.rabbit.core.RabbitAdmin.getQueueProperties(RabbitAdmin.java:451) ~[spring-rabbit-3.1.3.jar:3.1.3]
	at org.springframework.amqp.rabbit.listener.AbstractMessageListenerContainer.attemptDeclarations(AbstractMessageListenerContainer.java:1960) ~[spring-rabbit-3.1.3.jar:3.1.3]
	at org.springframework.amqp.rabbit.listener.AbstractMessageListenerContainer.redeclareElementsIfNecessary(AbstractMessageListenerContainer.java:1924) ~[spring-rabbit-3.1.3.jar:3.1.3]
	at org.springframework.amqp.rabbit.listener.SimpleMessageListenerContainer$AsyncMessageProcessingConsumer.initialize(SimpleMessageListenerContainer.java:1480) ~[spring-rabbit-3.1.3.jar:3.1.3]
	at org.springframework.amqp.rabbit.listener.SimpleMessageListenerContainer$AsyncMessageProcessingConsumer.run(SimpleMessageListenerContainer.java:1322) ~[spring-rabbit-3.1.3.jar:3.1.3]
	at java.base/java.lang.Thread.run(Thread.java:842) ~[na:na]
Caused by: java.net.UnknownHostException: rabbitmq
	at java.base/java.net.InetAddress$CachedAddresses.get(InetAddress.java:801) ~[na:na]
	at java.base/java.net.InetAddress.getAllByName0(InetAddress.java:1532) ~[na:na]
	at java.base/java.net.InetAddress.getAllByName(InetAddress.java:1384) ~[na:na]
	at java.base/java.net.InetAddress.getAllByName(InetAddress.java:1305) ~[na:na]
	at com.rabbitmq.client.DnsRecordIpAddressResolver.resolveIpAddresses(DnsRecordIpAddressResolver.java:83) ~[amqp-client-5.19.0.jar:5.19.0]
	at com.rabbitmq.client.DnsRecordIpAddressResolver.getAddresses(DnsRecordIpAddressResolver.java:73) ~[amqp-client-5.19.0.jar:5.19.0]
	at com.rabbitmq.client.ConnectionFactory.newConnection(ConnectionFactory.java:1245) ~[amqp-client-5.19.0.jar:5.19.0]
	at com.rabbitmq.client.ConnectionFactory.newConnection(ConnectionFactory.java:1198) ~[amqp-client-5.19.0.jar:5.19.0]
	at org.springframework.amqp.rabbit.connection.AbstractConnectionFactory.connectAddresses(AbstractConnectionFactory.java:668) ~[spring-rabbit-3.1.3.jar:3.1.3]
	at org.springframework.amqp.rabbit.connection.AbstractConnectionFactory.connect(AbstractConnectionFactory.java:637) ~[spring-rabbit-3.1.3.jar:3.1.3]
	at org.springframework.amqp.rabbit.connection.AbstractConnectionFactory.createBareConnection(AbstractConnectionFactory.java:584) ~[spring-rabbit-3.1.3.jar:3.1.3]
	... 12 common frames omitted

2024-04-15T17:08:57.546+03:00  INFO 41936 --- [ntContainer#1-1] o.s.a.r.c.CachingConnectionFactory       : Attempting to connect to: [rabbitmq:5672]
2024-04-15T17:08:57.563+03:00  INFO 41936 --- [    Test worker] com.example.service.AccountServiceTest   : Started AccountServiceTest in 24.686 seconds (process running for 70.537)
2024-04-15T17:09:02.675+03:00  INFO 41936 --- [ntContainer#1-1] o.s.a.r.l.SimpleMessageListenerContainer : Restarting Consumer@5eb645c8: tags=[[]], channel=null, acknowledgeMode=AUTO local queue size=0
2024-04-15T17:09:02.678+03:00  INFO 41936 --- [ntContainer#0-1] o.s.a.r.l.SimpleMessageListenerContainer : Restarting Consumer@7870eef: tags=[[]], channel=null, acknowledgeMode=AUTO local queue size=0
2024-04-15T17:09:02.681+03:00  INFO 41936 --- [ntContainer#1-2] o.s.a.r.c.CachingConnectionFactory       : Attempting to connect to: [rabbitmq:5672]
2024-04-15T17:09:02.681+03:00 ERROR 41936 --- [ntContainer#1-2] o.s.a.r.l.SimpleMessageListenerContainer : Failed to check/redeclare auto-delete queue(s).
2024-04-15T17:09:02.682+03:00  INFO 41936 --- [ntContainer#1-2] o.s.a.r.c.CachingConnectionFactory       : Attempting to connect to: [rabbitmq:5672]
2024-04-15T17:09:02.683+03:00  INFO 41936 --- [ntContainer#0-2] o.s.a.r.c.CachingConnectionFactory       : Attempting to connect to: [rabbitmq:5672]
2024-04-15T17:09:02.684+03:00 ERROR 41936 --- [ntContainer#0-2] o.s.a.r.l.SimpleMessageListenerContainer : Failed to check/redeclare auto-delete queue(s).
2024-04-15T17:09:02.685+03:00  INFO 41936 --- [ntContainer#0-2] o.s.a.r.c.CachingConnectionFactory       : Attempting to connect to: [rabbitmq:5672]
]]></system-out>
  <system-err><![CDATA[]]></system-err>
</testsuite>
