<?xml version="1.0" encoding="UTF-8"?>
<testsuite name="com.example.service.AccountServiceTest" tests="1" skipped="0" failures="0" errors="0" timestamp="2024-04-15T17:11:10" hostname="EEPARTSJOO02" time="18.577">
  <properties/>
  <testcase name="test()" classname="com.example.service.AccountServiceTest" time="18.577"/>
  <system-out><![CDATA[Standard Commons Logging discovery in action with spring-jcl: please remove commons-logging.jar from classpath in order to avoid potential conflicts
20:09:59.165 [Test worker] INFO org.testcontainers.images.PullPolicy -- Image pull policy will be performed by: DefaultPullPolicy()
20:09:59.184 [Test worker] INFO org.testcontainers.utility.ImageNameSubstitutor -- Image name substitution will be performed by: DefaultImageNameSubstitutor (composite of 'ConfigurationFileImageNameSubstitutor' and 'PrefixingImageNameSubstitutor')
20:10:00.040 [Test worker] INFO org.testcontainers.dockerclient.DockerClientProviderStrategy -- Loaded org.testcontainers.dockerclient.NpipeSocketClientProviderStrategy from ~/.testcontainers.properties, will try it first
20:10:00.820 [Test worker] INFO org.testcontainers.dockerclient.DockerClientProviderStrategy -- Found Docker environment with local Npipe socket (npipe:////./pipe/docker_engine)
20:10:00.822 [Test worker] INFO org.testcontainers.DockerClientFactory -- Docker host IP address is localhost
20:10:00.866 [Test worker] INFO org.testcontainers.DockerClientFactory -- Connected to docker: 
  Server Version: 24.0.6
  API Version: 1.43
  Operating System: Docker Desktop
  Total Memory: 15835 MB
20:10:00.949 [Test worker] INFO tc.testcontainers/ryuk:0.6.0 -- Creating container for image: testcontainers/ryuk:0.6.0
20:10:01.187 [Test worker] INFO org.testcontainers.utility.RegistryAuthLocator -- Credential helper/store (docker-credential-wincred) does not have credentials for https://index.docker.io/v1/
20:10:01.750 [Test worker] INFO tc.testcontainers/ryuk:0.6.0 -- Container testcontainers/ryuk:0.6.0 is starting: 42b0e58269b5d0a1c7f6022c2b88cd55246d95c6bca2c7a580cbd312c4d295e2
20:10:02.900 [Test worker] INFO tc.testcontainers/ryuk:0.6.0 -- Container testcontainers/ryuk:0.6.0 started in PT1.9508497S
20:10:02.918 [Test worker] INFO org.testcontainers.utility.RyukResourceReaper -- Ryuk started - will monitor and terminate Testcontainers containers on JVM exit
20:10:02.919 [Test worker] INFO org.testcontainers.DockerClientFactory -- Checking the system...
20:10:02.920 [Test worker] INFO org.testcontainers.DockerClientFactory -- ?? Docker server version should be at least 1.6.0
20:10:02.922 [Test worker] INFO tc.postgres:15.6-alpine -- Creating container for image: postgres:15.6-alpine
20:10:03.187 [Test worker] INFO tc.postgres:15.6-alpine -- Container postgres:15.6-alpine is starting: 34523d868efa2b7c51d2ecd677ec438eff1af89ce04f8c08d06cb2c04cb02325
20:10:04.873 [Test worker] INFO tc.postgres:15.6-alpine -- Container postgres:15.6-alpine started in PT1.9513414S
20:10:04.875 [Test worker] INFO tc.postgres:15.6-alpine -- Container is started (JDBC URL: jdbc:postgresql://localhost:49835/postgres?loggerLevel=OFF)
20:10:04.878 [Test worker] INFO tc.rabbitmq:3.13-alpine -- Creating container for image: rabbitmq:3.13-alpine
20:10:04.943 [Test worker] INFO tc.rabbitmq:3.13-alpine -- Container rabbitmq:3.13-alpine is starting: c463acab4454ab91422fc7b0b4b5fc6cbdd0b5d7eb900f97bba0ebf0c7179290
20:10:12.932 [Test worker] INFO tc.rabbitmq:3.13-alpine -- Container rabbitmq:3.13-alpine started in PT8.0545683S
Testing network connection to RabbitMQ:
Ping RabbitMQ from PostgreSQL container:
Container.ExecResult(exitCode=0, stdout=PING rabbitmq (172.28.0.3): 56 data bytes
64 bytes from 172.28.0.3: seq=0 ttl=64 time=0.584 ms
64 bytes from 172.28.0.3: seq=1 ttl=64 time=0.134 ms
64 bytes from 172.28.0.3: seq=2 ttl=64 time=0.102 ms
64 bytes from 172.28.0.3: seq=3 ttl=64 time=0.152 ms

--- rabbitmq ping statistics ---
4 packets transmitted, 4 packets received, 0% packet loss
round-trip min/avg/max = 0.102/0.243/0.584 ms
, stderr=)
20:10:16.049 [Test worker] INFO tc.openjdk:17-jdk-slim -- Creating container for image: openjdk:17-jdk-slim
20:10:16.086 [Test worker] WARN org.testcontainers.containers.GenericContainer -- folder-like containerPath in copyFileToContainer is deprecated, please explicitly specify a file path
20:10:20.579 [Test worker] INFO tc.openjdk:17-jdk-slim -- Container openjdk:17-jdk-slim is starting: 68584a7787f2f4767b13e82041c2b09aff2d32599b2c738085667285e4a1a2e1
20:10:23.057 [Test worker] INFO tc.openjdk:17-jdk-slim -- Container openjdk:17-jdk-slim started in PT7.0084808S
20:10:23.058 [Test worker] INFO tc.openjdk:17-jdk-slim -- Creating container for image: openjdk:17-jdk-slim
20:10:23.116 [Test worker] WARN org.testcontainers.containers.GenericContainer -- folder-like containerPath in copyFileToContainer is deprecated, please explicitly specify a file path
20:10:29.977 [Test worker] INFO tc.openjdk:17-jdk-slim -- Container openjdk:17-jdk-slim is starting: 9ab3ec81fd340c60d5ed1652bff160de5903fefc90b7b6d47369869b324dadc5
20:10:33.214 [Test worker] INFO tc.openjdk:17-jdk-slim -- Container openjdk:17-jdk-slim started in PT10.1562416S
20:10:33.215 [Test worker] INFO tc.openjdk:17-jdk-slim -- Creating container for image: openjdk:17-jdk-slim
20:10:33.303 [Test worker] WARN org.testcontainers.containers.GenericContainer -- folder-like containerPath in copyFileToContainer is deprecated, please explicitly specify a file path
20:10:39.057 [Test worker] INFO tc.openjdk:17-jdk-slim -- Container openjdk:17-jdk-slim is starting: 76207cf46377ad11c6fb92a3d9e61070cf27c2f5821372ff52ee0715854b9b48
20:10:42.489 [Test worker] INFO tc.openjdk:17-jdk-slim -- Container openjdk:17-jdk-slim started in PT9.2736153S

  .   ____          _            __ _ _
 /\\ / ___'_ __ _ _(_)_ __  __ _ \ \ \ \
( ( )\___ | '_ | '_| | '_ \/ _` | \ \ \ \
 \\/  ___)| |_)| | | | | || (_| |  ) ) ) )
  '  |____| .__|_| |_|_| |_\__, | / / / /
 =========|_|==============|___/=/_/_/_/
 :: Spring Boot ::                (v3.2.4)

PostgreSQL URL: jdbc:postgresql://localhost:49835/postgres
RabbitMQ URL: amqp://localhost:5672
2024-04-15T20:10:45.163+03:00  INFO 42856 --- [    Test worker] com.example.service.AccountServiceTest   : Starting AccountServiceTest using Java 17.0.9 with PID 42856 (started by partsjoo in C:\Users\partsjoo\IdeaProjects\account-project)
2024-04-15T20:10:45.169+03:00  INFO 42856 --- [    Test worker] com.example.service.AccountServiceTest   : The following 1 profile is active: "integtest"
2024-04-15T20:10:49.890+03:00  INFO 42856 --- [    Test worker] .s.d.r.c.RepositoryConfigurationDelegate : Bootstrapping Spring Data JPA repositories in DEFAULT mode.
2024-04-15T20:10:49.964+03:00  INFO 42856 --- [    Test worker] .s.d.r.c.RepositoryConfigurationDelegate : Finished Spring Data repository scanning in 31 ms. Found 0 JPA repository interfaces.
2024-04-15T20:10:51.479+03:00  INFO 42856 --- [    Test worker] faultConfiguringBeanFactoryPostProcessor : No bean named 'errorChannel' has been explicitly defined. Therefore, a default PublishSubscribeChannel will be created.
2024-04-15T20:10:51.527+03:00  INFO 42856 --- [    Test worker] faultConfiguringBeanFactoryPostProcessor : No bean named 'integrationHeaderChannelRegistry' has been explicitly defined. Therefore, a default DefaultHeaderChannelRegistry will be created.
2024-04-15T20:10:52.178+03:00  INFO 42856 --- [    Test worker] o.s.cloud.context.scope.GenericScope     : BeanFactory id=d8776347-8f12-387a-9fff-615a3b8c61c2
2024-04-15T20:10:55.839+03:00  INFO 42856 --- [    Test worker] liquibase.database                       : Set default schema name to public
2024-04-15T20:10:56.849+03:00  INFO 42856 --- [    Test worker] liquibase.changelog                      : Creating database history table with name: public.dbchangelog_account
2024-04-15T20:10:56.985+03:00  INFO 42856 --- [    Test worker] liquibase.changelog                      : Reading from public.dbchangelog_account
2024-04-15T20:10:57.233+03:00  INFO 42856 --- [    Test worker] liquibase.lockservice                    : Successfully acquired change log lock
2024-04-15T20:10:57.240+03:00  INFO 42856 --- [    Test worker] liquibase.command                        : Using deploymentId: 3201057239
2024-04-15T20:10:57.248+03:00  INFO 42856 --- [    Test worker] liquibase.changelog                      : Reading from public.dbchangelog_account
Running Changeset: db/changelog/sql/account_init.sql::raw::includeAll
2024-04-15T20:10:57.403+03:00  WARN 42856 --- [    Test worker] liquibase.executor                       : relation "accounts" already exists, skipping
2024-04-15T20:10:57.403+03:00  INFO 42856 --- [    Test worker] liquibase.changelog                      : Custom SQL executed
2024-04-15T20:10:57.408+03:00  INFO 42856 --- [    Test worker] liquibase.changelog                      : ChangeSet db/changelog/sql/account_init.sql::raw::includeAll ran successfully in 60ms
2024-04-15T20:10:57.445+03:00  INFO 42856 --- [    Test worker] liquibase.util                           : UPDATE SUMMARY
2024-04-15T20:10:57.447+03:00  INFO 42856 --- [    Test worker] liquibase.util                           : Run:                          1
2024-04-15T20:10:57.447+03:00  INFO 42856 --- [    Test worker] liquibase.util                           : Previously run:               0
2024-04-15T20:10:57.447+03:00  INFO 42856 --- [    Test worker] liquibase.util                           : Filtered out:                 0
2024-04-15T20:10:57.448+03:00  INFO 42856 --- [    Test worker] liquibase.util                           : -------------------------------
2024-04-15T20:10:57.448+03:00  INFO 42856 --- [    Test worker] liquibase.util                           : Total change sets:            1
2024-04-15T20:10:57.449+03:00  INFO 42856 --- [    Test worker] liquibase.util                           : Update summary generated
2024-04-15T20:10:57.455+03:00  INFO 42856 --- [    Test worker] liquibase.command                        : Update command completed successfully.
Liquibase: Update has been successful. Rows affected: 1
2024-04-15T20:10:57.476+03:00  INFO 42856 --- [    Test worker] liquibase.lockservice                    : Successfully released change log lock
2024-04-15T20:10:57.482+03:00  INFO 42856 --- [    Test worker] liquibase.command                        : Command execution complete
2024-04-15T20:10:57.904+03:00  INFO 42856 --- [    Test worker] o.hibernate.jpa.internal.util.LogHelper  : HHH000204: Processing PersistenceUnitInfo [name: default]
2024-04-15T20:10:58.351+03:00  INFO 42856 --- [    Test worker] org.hibernate.Version                    : HHH000412: Hibernate ORM core version 6.4.4.Final
2024-04-15T20:10:58.577+03:00  INFO 42856 --- [    Test worker] o.h.c.internal.RegionFactoryInitiator    : HHH000026: Second-level cache disabled
2024-04-15T20:10:59.760+03:00  INFO 42856 --- [    Test worker] o.s.o.j.p.SpringPersistenceUnitInfo      : No LoadTimeWeaver setup: ignoring JPA class transformer
2024-04-15T20:10:59.888+03:00  INFO 42856 --- [    Test worker] com.zaxxer.hikari.HikariDataSource       : HikariPool-1 - Starting...
2024-04-15T20:10:59.950+03:00  INFO 42856 --- [    Test worker] com.zaxxer.hikari.pool.HikariPool        : HikariPool-1 - Added connection org.postgresql.jdbc.PgConnection@5ddecf9
2024-04-15T20:10:59.958+03:00  INFO 42856 --- [    Test worker] com.zaxxer.hikari.HikariDataSource       : HikariPool-1 - Start completed.
2024-04-15T20:11:01.524+03:00  INFO 42856 --- [    Test worker] o.h.e.t.j.p.i.JtaPlatformInitiator       : HHH000489: No JTA platform available (set 'hibernate.transaction.jta.platform' to enable JTA platform integration)
2024-04-15T20:11:01.548+03:00  INFO 42856 --- [    Test worker] j.LocalContainerEntityManagerFactoryBean : Initialized JPA EntityManagerFactory for persistence unit 'default'
2024-04-15T20:11:03.788+03:00  WARN 42856 --- [    Test worker] JpaBaseConfiguration$JpaWebConfiguration : spring.jpa.open-in-view is enabled by default. Therefore, database queries may be performed during view rendering. Explicitly configure spring.jpa.open-in-view to disable this warning
2024-04-15T20:11:06.769+03:00  INFO 42856 --- [    Test worker] c.r.stream.impl.StreamEnvironment        : Connecting to localhost with guest user, assuming development environment
2024-04-15T20:11:06.771+03:00  INFO 42856 --- [    Test worker] c.r.stream.impl.StreamEnvironment        : Using address resolver to always connect to localhost
2024-04-15T20:11:09.645+03:00  INFO 42856 --- [    Test worker] o.s.c.s.m.DirectWithAttributesChannel    : Channel 'application.springCloudBusInput' has 1 subscriber(s).
2024-04-15T20:11:09.939+03:00  INFO 42856 --- [    Test worker] o.s.i.endpoint.EventDrivenConsumer       : Adding {logging-channel-adapter:_org.springframework.integration.errorLogger} as a subscriber to the 'errorChannel' channel
2024-04-15T20:11:09.940+03:00  INFO 42856 --- [    Test worker] o.s.i.channel.PublishSubscribeChannel    : Channel 'application.errorChannel' has 1 subscriber(s).
2024-04-15T20:11:09.941+03:00  INFO 42856 --- [    Test worker] o.s.i.endpoint.EventDrivenConsumer       : started bean '_org.springframework.integration.errorLogger'
2024-04-15T20:11:09.945+03:00  INFO 42856 --- [    Test worker] o.s.c.s.binder.DefaultBinderFactory      : Creating binder: integration
2024-04-15T20:11:09.945+03:00  INFO 42856 --- [    Test worker] o.s.c.s.binder.DefaultBinderFactory      : Constructing binder child context for integration
2024-04-15T20:11:10.110+03:00  INFO 42856 --- [    Test worker] o.s.c.s.binder.DefaultBinderFactory      : Caching the binder: integration
2024-04-15T20:11:10.139+03:00  INFO 42856 --- [    Test worker] o.s.c.stream.binder.BinderErrorChannel   : Channel '2049311950.springCloudBusInput.errors' has 1 subscriber(s).
2024-04-15T20:11:10.142+03:00  INFO 42856 --- [    Test worker] o.s.c.stream.binder.BinderErrorChannel   : Channel '2049311950.springCloudBusInput.errors' has 2 subscriber(s).
2024-04-15T20:11:10.142+03:00  INFO 42856 --- [    Test worker] o.s.i.channel.PublishSubscribeChannel    : Channel 'springCloudBus.destination' has 1 subscriber(s).
2024-04-15T20:11:10.145+03:00  INFO 42856 --- [    Test worker] r$IntegrationBinderInboundChannelAdapter : started org.springframework.cloud.stream.binder.test.TestChannelBinder$IntegrationBinderInboundChannelAdapter@440feb99
2024-04-15T20:11:10.156+03:00  INFO 42856 --- [    Test worker] o.s.a.r.c.CachingConnectionFactory       : Attempting to connect to: [localhost:5672]
2024-04-15T20:11:10.350+03:00  INFO 42856 --- [    Test worker] o.s.a.r.c.CachingConnectionFactory       : Created new connection: rabbitConnectionFactory#63b2bb62:0/SimpleConnection@778f3f29 [delegate=amqp://guest@127.0.0.1:5672/, localPort=49908]
2024-04-15T20:11:10.589+03:00  INFO 42856 --- [    Test worker] com.example.service.AccountServiceTest   : Started AccountServiceTest in 27.855 seconds (process running for 77.583)
2024-04-15T20:11:30.222+03:00  INFO 42856 --- [ntContainer#0-1] o.s.a.r.l.SimpleMessageListenerContainer : Restarting Consumer@eabda67: tags=[[amq.ctag-hxzOdnC8y0__5_k63ErD3g]], channel=Cached Rabbit Channel: AMQChannel(amqp://guest@127.0.0.1:5672/,1), conn: Proxy@47bf44dc Shared Rabbit Connection: SimpleConnection@778f3f29 [delegate=amqp://guest@127.0.0.1:5672/, localPort=49908], acknowledgeMode=AUTO local queue size=0
2024-04-15T20:11:30.222+03:00  INFO 42856 --- [ntContainer#1-1] o.s.a.r.l.SimpleMessageListenerContainer : Restarting Consumer@1fd8c80a: tags=[[amq.ctag-8ya9HimIsVmitSse-R2GVg]], channel=Cached Rabbit Channel: AMQChannel(amqp://guest@127.0.0.1:5672/,2), conn: Proxy@47bf44dc Shared Rabbit Connection: SimpleConnection@778f3f29 [delegate=amqp://guest@127.0.0.1:5672/, localPort=49908], acknowledgeMode=AUTO local queue size=0
2024-04-15T20:11:30.228+03:00  INFO 42856 --- [ntContainer#1-2] o.s.a.r.c.CachingConnectionFactory       : Attempting to connect to: [localhost:5672]
2024-04-15T20:11:30.234+03:00  INFO 42856 --- [ntContainer#0-2] o.s.a.r.c.CachingConnectionFactory       : Attempting to connect to: [localhost:5672]
2024-04-15T20:11:30.234+03:00 ERROR 42856 --- [ntContainer#1-2] o.s.a.r.l.SimpleMessageListenerContainer : Failed to check/redeclare auto-delete queue(s).

org.springframework.amqp.AmqpConnectException: java.net.ConnectException: Connection refused: no further information
	at org.springframework.amqp.rabbit.support.RabbitExceptionTranslator.convertRabbitAccessException(RabbitExceptionTranslator.java:61) ~[spring-rabbit-3.1.3.jar:3.1.3]
	at org.springframework.amqp.rabbit.connection.AbstractConnectionFactory.createBareConnection(AbstractConnectionFactory.java:622) ~[spring-rabbit-3.1.3.jar:3.1.3]
	at org.springframework.amqp.rabbit.connection.CachingConnectionFactory.createConnection(CachingConnectionFactory.java:727) ~[spring-rabbit-3.1.3.jar:3.1.3]
	at org.springframework.amqp.rabbit.connection.CachingConnectionFactory.createBareChannel(CachingConnectionFactory.java:672) ~[spring-rabbit-3.1.3.jar:3.1.3]
	at org.springframework.amqp.rabbit.connection.CachingConnectionFactory.getCachedChannelProxy(CachingConnectionFactory.java:645) ~[spring-rabbit-3.1.3.jar:3.1.3]
	at org.springframework.amqp.rabbit.connection.CachingConnectionFactory.getChannel(CachingConnectionFactory.java:534) ~[spring-rabbit-3.1.3.jar:3.1.3]
	at org.springframework.amqp.rabbit.connection.CachingConnectionFactory$ChannelCachingConnectionProxy.createChannel(CachingConnectionFactory.java:1503) ~[spring-rabbit-3.1.3.jar:3.1.3]
	at org.springframework.amqp.rabbit.core.RabbitTemplate.doExecute(RabbitTemplate.java:2255) ~[spring-rabbit-3.1.3.jar:3.1.3]
	at org.springframework.amqp.rabbit.core.RabbitTemplate.execute(RabbitTemplate.java:2222) ~[spring-rabbit-3.1.3.jar:3.1.3]
	at org.springframework.amqp.rabbit.core.RabbitTemplate.execute(RabbitTemplate.java:2202) ~[spring-rabbit-3.1.3.jar:3.1.3]
	at org.springframework.amqp.rabbit.core.RabbitAdmin.getQueueInfo(RabbitAdmin.java:467) ~[spring-rabbit-3.1.3.jar:3.1.3]
	at org.springframework.amqp.rabbit.core.RabbitAdmin.getQueueProperties(RabbitAdmin.java:451) ~[spring-rabbit-3.1.3.jar:3.1.3]
	at org.springframework.amqp.rabbit.listener.AbstractMessageListenerContainer.attemptDeclarations(AbstractMessageListenerContainer.java:1960) ~[spring-rabbit-3.1.3.jar:3.1.3]
	at org.springframework.amqp.rabbit.listener.AbstractMessageListenerContainer.redeclareElementsIfNecessary(AbstractMessageListenerContainer.java:1924) ~[spring-rabbit-3.1.3.jar:3.1.3]
	at org.springframework.amqp.rabbit.listener.SimpleMessageListenerContainer$AsyncMessageProcessingConsumer.initialize(SimpleMessageListenerContainer.java:1480) ~[spring-rabbit-3.1.3.jar:3.1.3]
	at org.springframework.amqp.rabbit.listener.SimpleMessageListenerContainer$AsyncMessageProcessingConsumer.run(SimpleMessageListenerContainer.java:1322) ~[spring-rabbit-3.1.3.jar:3.1.3]
	at java.base/java.lang.Thread.run(Thread.java:842) ~[na:na]
Caused by: java.net.ConnectException: Connection refused: no further information
	at java.base/sun.nio.ch.Net.pollConnect(Native Method) ~[na:na]
	at java.base/sun.nio.ch.Net.pollConnectNow(Net.java:672) ~[na:na]
	at java.base/sun.nio.ch.NioSocketImpl.timedFinishConnect(NioSocketImpl.java:547) ~[na:na]
	at java.base/sun.nio.ch.NioSocketImpl.connect(NioSocketImpl.java:602) ~[na:na]
	at java.base/java.net.SocksSocketImpl.connect(SocksSocketImpl.java:327) ~[na:na]
	at java.base/java.net.Socket.connect(Socket.java:633) ~[na:na]
	at com.rabbitmq.client.impl.SocketFrameHandlerFactory.create(SocketFrameHandlerFactory.java:61) ~[amqp-client-5.19.0.jar:5.19.0]
	at com.rabbitmq.client.ConnectionFactory.newConnection(ConnectionFactory.java:1249) ~[amqp-client-5.19.0.jar:5.19.0]
	at com.rabbitmq.client.ConnectionFactory.newConnection(ConnectionFactory.java:1198) ~[amqp-client-5.19.0.jar:5.19.0]
	at org.springframework.amqp.rabbit.connection.AbstractConnectionFactory.connectAddresses(AbstractConnectionFactory.java:668) ~[spring-rabbit-3.1.3.jar:3.1.3]
	at org.springframework.amqp.rabbit.connection.AbstractConnectionFactory.connect(AbstractConnectionFactory.java:637) ~[spring-rabbit-3.1.3.jar:3.1.3]
	at org.springframework.amqp.rabbit.connection.AbstractConnectionFactory.createBareConnection(AbstractConnectionFactory.java:584) ~[spring-rabbit-3.1.3.jar:3.1.3]
	... 15 common frames omitted

2024-04-15T20:11:30.237+03:00 ERROR 42856 --- [ntContainer#0-2] o.s.a.r.l.SimpleMessageListenerContainer : Failed to check/redeclare auto-delete queue(s).

org.springframework.amqp.AmqpConnectException: java.net.ConnectException: Connection refused: no further information
	at org.springframework.amqp.rabbit.support.RabbitExceptionTranslator.convertRabbitAccessException(RabbitExceptionTranslator.java:61) ~[spring-rabbit-3.1.3.jar:3.1.3]
	at org.springframework.amqp.rabbit.connection.AbstractConnectionFactory.createBareConnection(AbstractConnectionFactory.java:622) ~[spring-rabbit-3.1.3.jar:3.1.3]
	at org.springframework.amqp.rabbit.connection.CachingConnectionFactory.createConnection(CachingConnectionFactory.java:727) ~[spring-rabbit-3.1.3.jar:3.1.3]
	at org.springframework.amqp.rabbit.connection.CachingConnectionFactory.createBareChannel(CachingConnectionFactory.java:672) ~[spring-rabbit-3.1.3.jar:3.1.3]
	at org.springframework.amqp.rabbit.connection.CachingConnectionFactory.getCachedChannelProxy(CachingConnectionFactory.java:645) ~[spring-rabbit-3.1.3.jar:3.1.3]
	at org.springframework.amqp.rabbit.connection.CachingConnectionFactory.getChannel(CachingConnectionFactory.java:534) ~[spring-rabbit-3.1.3.jar:3.1.3]
	at org.springframework.amqp.rabbit.connection.CachingConnectionFactory$ChannelCachingConnectionProxy.createChannel(CachingConnectionFactory.java:1503) ~[spring-rabbit-3.1.3.jar:3.1.3]
	at org.springframework.amqp.rabbit.core.RabbitTemplate.doExecute(RabbitTemplate.java:2255) ~[spring-rabbit-3.1.3.jar:3.1.3]
	at org.springframework.amqp.rabbit.core.RabbitTemplate.execute(RabbitTemplate.java:2222) ~[spring-rabbit-3.1.3.jar:3.1.3]
	at org.springframework.amqp.rabbit.core.RabbitTemplate.execute(RabbitTemplate.java:2202) ~[spring-rabbit-3.1.3.jar:3.1.3]
	at org.springframework.amqp.rabbit.core.RabbitAdmin.getQueueInfo(RabbitAdmin.java:467) ~[spring-rabbit-3.1.3.jar:3.1.3]
	at org.springframework.amqp.rabbit.core.RabbitAdmin.getQueueProperties(RabbitAdmin.java:451) ~[spring-rabbit-3.1.3.jar:3.1.3]
	at org.springframework.amqp.rabbit.listener.AbstractMessageListenerContainer.attemptDeclarations(AbstractMessageListenerContainer.java:1960) ~[spring-rabbit-3.1.3.jar:3.1.3]
	at org.springframework.amqp.rabbit.listener.AbstractMessageListenerContainer.redeclareElementsIfNecessary(AbstractMessageListenerContainer.java:1924) ~[spring-rabbit-3.1.3.jar:3.1.3]
	at org.springframework.amqp.rabbit.listener.SimpleMessageListenerContainer$AsyncMessageProcessingConsumer.initialize(SimpleMessageListenerContainer.java:1480) ~[spring-rabbit-3.1.3.jar:3.1.3]
	at org.springframework.amqp.rabbit.listener.SimpleMessageListenerContainer$AsyncMessageProcessingConsumer.run(SimpleMessageListenerContainer.java:1322) ~[spring-rabbit-3.1.3.jar:3.1.3]
	at java.base/java.lang.Thread.run(Thread.java:842) ~[na:na]
Caused by: java.net.ConnectException: Connection refused: no further information
	at java.base/sun.nio.ch.Net.pollConnect(Native Method) ~[na:na]
	at java.base/sun.nio.ch.Net.pollConnectNow(Net.java:672) ~[na:na]
	at java.base/sun.nio.ch.NioSocketImpl.timedFinishConnect(NioSocketImpl.java:547) ~[na:na]
	at java.base/sun.nio.ch.NioSocketImpl.connect(NioSocketImpl.java:602) ~[na:na]
	at java.base/java.net.SocksSocketImpl.connect(SocksSocketImpl.java:327) ~[na:na]
	at java.base/java.net.Socket.connect(Socket.java:633) ~[na:na]
	at com.rabbitmq.client.impl.SocketFrameHandlerFactory.create(SocketFrameHandlerFactory.java:61) ~[amqp-client-5.19.0.jar:5.19.0]
	at com.rabbitmq.client.ConnectionFactory.newConnection(ConnectionFactory.java:1249) ~[amqp-client-5.19.0.jar:5.19.0]
	at com.rabbitmq.client.ConnectionFactory.newConnection(ConnectionFactory.java:1198) ~[amqp-client-5.19.0.jar:5.19.0]
	at org.springframework.amqp.rabbit.connection.AbstractConnectionFactory.connectAddresses(AbstractConnectionFactory.java:668) ~[spring-rabbit-3.1.3.jar:3.1.3]
	at org.springframework.amqp.rabbit.connection.AbstractConnectionFactory.connect(AbstractConnectionFactory.java:637) ~[spring-rabbit-3.1.3.jar:3.1.3]
	at org.springframework.amqp.rabbit.connection.AbstractConnectionFactory.createBareConnection(AbstractConnectionFactory.java:584) ~[spring-rabbit-3.1.3.jar:3.1.3]
	... 15 common frames omitted

2024-04-15T20:11:30.246+03:00  INFO 42856 --- [ntContainer#1-2] o.s.a.r.c.CachingConnectionFactory       : Attempting to connect to: [localhost:5672]
2024-04-15T20:11:30.249+03:00  INFO 42856 --- [ntContainer#0-2] o.s.a.r.c.CachingConnectionFactory       : Attempting to connect to: [localhost:5672]
]]></system-out>
  <system-err><![CDATA[]]></system-err>
</testsuite>
