<?xml version="1.0" encoding="UTF-8"?>
<testsuite name="com.example.service.AccountServiceTest" tests="7" skipped="0" failures="0" errors="0" timestamp="2024-04-17T18:50:23" hostname="EEPARTSJOO02" time="1.241">
  <properties/>
  <testcase name="mustNotFindAccount()" classname="com.example.service.AccountServiceTest" time="0.425"/>
  <testcase name="validDataShouldCreateAccountAndBalances()" classname="com.example.service.AccountServiceTest" time="0.567"/>
  <testcase name="accountCreationShouldPublishAccountCreatedEvent()" classname="com.example.service.AccountServiceTest" time="0.074"/>
  <testcase name="invalidCurrencyShouldThrowBusinessException()" classname="com.example.service.AccountServiceTest" time="0.023"/>
  <testcase name="shouldThrowErrorWhenCustomerIdIsNull()" classname="com.example.service.AccountServiceTest" time="0.035"/>
  <testcase name="testServices()" classname="com.example.service.AccountServiceTest" time="0.009"/>
  <testcase name="mustFindAccountSuccessfully()" classname="com.example.service.AccountServiceTest" time="0.081"/>
  <system-out><![CDATA[Standard Commons Logging discovery in action with spring-jcl: please remove commons-logging.jar from classpath in order to avoid potential conflicts
21:48:52.424 [Test worker] INFO org.testcontainers.images.PullPolicy -- Image pull policy will be performed by: DefaultPullPolicy()
21:48:52.439 [Test worker] INFO org.testcontainers.utility.ImageNameSubstitutor -- Image name substitution will be performed by: DefaultImageNameSubstitutor (composite of 'ConfigurationFileImageNameSubstitutor' and 'PrefixingImageNameSubstitutor')
21:48:53.454 [testcontainers-lifecycle-0] INFO org.testcontainers.dockerclient.DockerClientProviderStrategy -- Loaded org.testcontainers.dockerclient.NpipeSocketClientProviderStrategy from ~/.testcontainers.properties, will try it first
21:48:54.169 [testcontainers-lifecycle-0] INFO org.testcontainers.dockerclient.DockerClientProviderStrategy -- Found Docker environment with local Npipe socket (npipe:////./pipe/docker_engine)
21:48:54.171 [testcontainers-lifecycle-0] INFO org.testcontainers.DockerClientFactory -- Docker host IP address is localhost
21:48:54.199 [testcontainers-lifecycle-0] INFO org.testcontainers.DockerClientFactory -- Connected to docker: 
  Server Version: 24.0.6
  API Version: 1.43
  Operating System: Docker Desktop
  Total Memory: 15835 MB
21:48:54.265 [testcontainers-lifecycle-0] INFO tc.testcontainers/ryuk:0.6.0 -- Creating container for image: testcontainers/ryuk:0.6.0
21:48:54.431 [testcontainers-lifecycle-0] INFO org.testcontainers.utility.RegistryAuthLocator -- Credential helper/store (docker-credential-wincred) does not have credentials for https://index.docker.io/v1/
21:48:54.619 [testcontainers-lifecycle-0] INFO tc.testcontainers/ryuk:0.6.0 -- Container testcontainers/ryuk:0.6.0 is starting: 4925e6eb29583d129a9939ab6ad428347f436a3efeee9037281bb59c5e303b54
21:48:56.012 [testcontainers-lifecycle-0] INFO tc.testcontainers/ryuk:0.6.0 -- Container testcontainers/ryuk:0.6.0 started in PT1.7459059S
21:48:56.036 [testcontainers-lifecycle-0] INFO org.testcontainers.utility.RyukResourceReaper -- Ryuk started - will monitor and terminate Testcontainers containers on JVM exit
21:48:56.037 [testcontainers-lifecycle-0] INFO org.testcontainers.DockerClientFactory -- Checking the system...
21:48:56.039 [testcontainers-lifecycle-0] INFO org.testcontainers.DockerClientFactory -- ?? Docker server version should be at least 1.6.0
21:48:56.042 [testcontainers-lifecycle-0] INFO tc.rabbitmq:3-management -- Creating container for image: rabbitmq:3-management
21:48:56.043 [testcontainers-lifecycle-1] INFO tc.postgres:15.6-alpine -- Creating container for image: postgres:15.6-alpine
21:48:56.232 [testcontainers-lifecycle-0] INFO tc.rabbitmq:3-management -- Container rabbitmq:3-management is starting: 116d08d165cf3eb079b34ec91b35adfad61f33c959e0f88af67ca90f0fc0e9c7
21:48:56.325 [testcontainers-lifecycle-1] INFO tc.postgres:15.6-alpine -- Container postgres:15.6-alpine is starting: 3ae3ec91bd3e6f89a1494a1a0b9bd741376a53bed00426b5977a8265433903ea
21:48:59.775 [testcontainers-lifecycle-1] INFO tc.postgres:15.6-alpine -- Container postgres:15.6-alpine started in PT3.7320691S
21:48:59.777 [testcontainers-lifecycle-1] INFO tc.postgres:15.6-alpine -- Container is started (JDBC URL: jdbc:postgresql://localhost:58597/postgres?loggerLevel=OFF)
21:49:07.074 [testcontainers-lifecycle-0] INFO tc.rabbitmq:3-management -- Container rabbitmq:3-management started in PT11.0318831S
21:49:07.076 [testcontainers-lifecycle-1] INFO tc.openjdk:17-jdk-slim -- Creating container for image: openjdk:17-jdk-slim
21:49:07.120 [testcontainers-lifecycle-1] WARN org.testcontainers.containers.GenericContainer -- folder-like containerPath in copyFileToContainer is deprecated, please explicitly specify a file path
21:49:12.660 [testcontainers-lifecycle-1] INFO tc.openjdk:17-jdk-slim -- Container openjdk:17-jdk-slim is starting: 978619ad93de3eb97c0ff365ed5bbd3a4a9c98abb3358a024db435691a7fa9d0
21:49:29.571 [testcontainers-lifecycle-1] INFO tc.openjdk:17-jdk-slim -- Container openjdk:17-jdk-slim started in PT22.4951813S
21:49:29.573 [Test worker] INFO tc.openjdk:17-jdk-slim -- Creating container for image: openjdk:17-jdk-slim
21:49:29.628 [Test worker] WARN org.testcontainers.containers.GenericContainer -- folder-like containerPath in copyFileToContainer is deprecated, please explicitly specify a file path
21:49:34.859 [Test worker] INFO tc.openjdk:17-jdk-slim -- Container openjdk:17-jdk-slim is starting: e45d7b15cf3b114bd1eb5a13e00a3ffa6ce22dbb6ff7982b827577ea755eaa9d
21:49:37.699 [Test worker] INFO tc.openjdk:17-jdk-slim -- Container openjdk:17-jdk-slim started in PT8.126786S
21:49:37.704 [Test worker] INFO tc.openjdk:17-jdk-slim -- Creating container for image: openjdk:17-jdk-slim
21:49:37.758 [Test worker] WARN org.testcontainers.containers.GenericContainer -- folder-like containerPath in copyFileToContainer is deprecated, please explicitly specify a file path
21:49:45.438 [Test worker] INFO tc.openjdk:17-jdk-slim -- Container openjdk:17-jdk-slim is starting: 81b5eac8bb42e2dd7cd555103a3a02ed6ec809c5d2e45f2caf44b763fb32eea1
21:49:50.973 [Test worker] INFO tc.openjdk:17-jdk-slim -- Container openjdk:17-jdk-slim started in PT13.2685665S

  .   ____          _            __ _ _
 /\\ / ___'_ __ _ _(_)_ __  __ _ \ \ \ \
( ( )\___ | '_ | '_| | '_ \/ _` | \ \ \ \
 \\/  ___)| |_)| | | | | || (_| |  ) ) ) )
  '  |____| .__|_| |_|_| |_\__, | / / / /
 =========|_|==============|___/=/_/_/_/
 :: Spring Boot ::                (v3.2.4)

2024-04-17T21:49:54.228+03:00  INFO 95132 --- [    Test worker] com.example.service.AccountServiceTest   : Starting AccountServiceTest using Java 17.0.9 with PID 95132 (started by partsjoo in C:\Users\partsjoo\IdeaProjects\account-project)
2024-04-17T21:49:54.235+03:00  INFO 95132 --- [    Test worker] com.example.service.AccountServiceTest   : The following 1 profile is active: "integtest"
2024-04-17T21:49:58.866+03:00  INFO 95132 --- [    Test worker] .s.d.r.c.RepositoryConfigurationDelegate : Bootstrapping Spring Data JPA repositories in DEFAULT mode.
2024-04-17T21:49:58.923+03:00  INFO 95132 --- [    Test worker] .s.d.r.c.RepositoryConfigurationDelegate : Finished Spring Data repository scanning in 24 ms. Found 0 JPA repository interfaces.
2024-04-17T21:49:59.757+03:00  INFO 95132 --- [    Test worker] faultConfiguringBeanFactoryPostProcessor : No bean named 'errorChannel' has been explicitly defined. Therefore, a default PublishSubscribeChannel will be created.
2024-04-17T21:49:59.786+03:00  INFO 95132 --- [    Test worker] faultConfiguringBeanFactoryPostProcessor : No bean named 'integrationHeaderChannelRegistry' has been explicitly defined. Therefore, a default DefaultHeaderChannelRegistry will be created.
2024-04-17T21:50:00.283+03:00  INFO 95132 --- [    Test worker] o.s.cloud.context.scope.GenericScope     : BeanFactory id=e0611cdf-2c7c-3706-a79b-b13523c4a69c
2024-04-17T21:50:03.484+03:00  INFO 95132 --- [    Test worker] liquibase.database                       : Set default schema name to public
2024-04-17T21:50:04.089+03:00  INFO 95132 --- [    Test worker] liquibase.changelog                      : Creating database history table with name: public.dbchangelog_account
2024-04-17T21:50:04.167+03:00  INFO 95132 --- [    Test worker] liquibase.changelog                      : Reading from public.dbchangelog_account
2024-04-17T21:50:04.337+03:00  INFO 95132 --- [    Test worker] liquibase.lockservice                    : Successfully acquired change log lock
2024-04-17T21:50:04.343+03:00  INFO 95132 --- [    Test worker] liquibase.command                        : Using deploymentId: 3379804343
2024-04-17T21:50:04.353+03:00  INFO 95132 --- [    Test worker] liquibase.changelog                      : Reading from public.dbchangelog_account
Running Changeset: db/changelog/sql/account_init.sql::raw::includeAll
2024-04-17T21:50:04.459+03:00  WARN 95132 --- [    Test worker] liquibase.executor                       : relation "accounts" already exists, skipping
2024-04-17T21:50:04.460+03:00  INFO 95132 --- [    Test worker] liquibase.changelog                      : Custom SQL executed
2024-04-17T21:50:04.465+03:00  INFO 95132 --- [    Test worker] liquibase.changelog                      : ChangeSet db/changelog/sql/account_init.sql::raw::includeAll ran successfully in 48ms
2024-04-17T21:50:04.493+03:00  INFO 95132 --- [    Test worker] liquibase.util                           : UPDATE SUMMARY
2024-04-17T21:50:04.493+03:00  INFO 95132 --- [    Test worker] liquibase.util                           : Run:                          1
2024-04-17T21:50:04.495+03:00  INFO 95132 --- [    Test worker] liquibase.util                           : Previously run:               0
2024-04-17T21:50:04.495+03:00  INFO 95132 --- [    Test worker] liquibase.util                           : Filtered out:                 0
2024-04-17T21:50:04.495+03:00  INFO 95132 --- [    Test worker] liquibase.util                           : -------------------------------
2024-04-17T21:50:04.495+03:00  INFO 95132 --- [    Test worker] liquibase.util                           : Total change sets:            1
2024-04-17T21:50:04.495+03:00  INFO 95132 --- [    Test worker] liquibase.util                           : Update summary generated
2024-04-17T21:50:04.500+03:00  INFO 95132 --- [    Test worker] liquibase.command                        : Update command completed successfully.
Liquibase: Update has been successful. Rows affected: 1
2024-04-17T21:50:04.516+03:00  INFO 95132 --- [    Test worker] liquibase.lockservice                    : Successfully released change log lock
2024-04-17T21:50:04.520+03:00  INFO 95132 --- [    Test worker] liquibase.command                        : Command execution complete
2024-04-17T21:50:04.807+03:00  INFO 95132 --- [    Test worker] o.hibernate.jpa.internal.util.LogHelper  : HHH000204: Processing PersistenceUnitInfo [name: default]
2024-04-17T21:50:05.027+03:00  INFO 95132 --- [    Test worker] org.hibernate.Version                    : HHH000412: Hibernate ORM core version 6.4.4.Final
2024-04-17T21:50:05.159+03:00  INFO 95132 --- [    Test worker] o.h.c.internal.RegionFactoryInitiator    : HHH000026: Second-level cache disabled
2024-04-17T21:50:05.936+03:00  INFO 95132 --- [    Test worker] o.s.o.j.p.SpringPersistenceUnitInfo      : No LoadTimeWeaver setup: ignoring JPA class transformer
2024-04-17T21:50:06.057+03:00  INFO 95132 --- [    Test worker] com.zaxxer.hikari.HikariDataSource       : HikariPool-1 - Starting...
2024-04-17T21:50:06.135+03:00  INFO 95132 --- [    Test worker] com.zaxxer.hikari.pool.HikariPool        : HikariPool-1 - Added connection org.postgresql.jdbc.PgConnection@23f7b16
2024-04-17T21:50:06.141+03:00  INFO 95132 --- [    Test worker] com.zaxxer.hikari.HikariDataSource       : HikariPool-1 - Start completed.
2024-04-17T21:50:07.617+03:00  INFO 95132 --- [    Test worker] o.h.e.t.j.p.i.JtaPlatformInitiator       : HHH000489: No JTA platform available (set 'hibernate.transaction.jta.platform' to enable JTA platform integration)
2024-04-17T21:50:07.634+03:00  INFO 95132 --- [    Test worker] j.LocalContainerEntityManagerFactoryBean : Initialized JPA EntityManagerFactory for persistence unit 'default'
2024-04-17T21:50:13.486+03:00  WARN 95132 --- [    Test worker] JpaBaseConfiguration$JpaWebConfiguration : spring.jpa.open-in-view is enabled by default. Therefore, database queries may be performed during view rendering. Explicitly configure spring.jpa.open-in-view to disable this warning
2024-04-17T21:50:17.003+03:00  INFO 95132 --- [    Test worker] c.r.stream.impl.StreamEnvironment        : Connecting to localhost with guest user, assuming development environment
2024-04-17T21:50:17.003+03:00  INFO 95132 --- [    Test worker] c.r.stream.impl.StreamEnvironment        : Using address resolver to always connect to localhost
2024-04-17T21:50:18.981+03:00  INFO 95132 --- [    Test worker] o.s.cloud.commons.util.InetUtils         : Cannot determine local hostname
2024-04-17T21:50:20.076+03:00  INFO 95132 --- [    Test worker] o.s.c.s.m.DirectWithAttributesChannel    : Channel 'application.springCloudBusInput' has 1 subscriber(s).
2024-04-17T21:50:22.435+03:00  INFO 95132 --- [    Test worker] o.s.cloud.commons.util.InetUtils         : Cannot determine local hostname
2024-04-17T21:50:22.520+03:00  INFO 95132 --- [    Test worker] o.s.b.a.e.web.EndpointLinksResolver      : Exposing 2 endpoint(s) beneath base path '/actuator'
2024-04-17T21:50:22.875+03:00  INFO 95132 --- [    Test worker] o.s.i.endpoint.EventDrivenConsumer       : Adding {logging-channel-adapter:_org.springframework.integration.errorLogger} as a subscriber to the 'errorChannel' channel
2024-04-17T21:50:22.876+03:00  INFO 95132 --- [    Test worker] o.s.i.channel.PublishSubscribeChannel    : Channel 'application.errorChannel' has 1 subscriber(s).
2024-04-17T21:50:22.877+03:00  INFO 95132 --- [    Test worker] o.s.i.endpoint.EventDrivenConsumer       : started bean '_org.springframework.integration.errorLogger'
2024-04-17T21:50:22.880+03:00  INFO 95132 --- [    Test worker] o.s.c.s.binder.DefaultBinderFactory      : Creating binder: integration
2024-04-17T21:50:22.881+03:00  INFO 95132 --- [    Test worker] o.s.c.s.binder.DefaultBinderFactory      : Constructing binder child context for integration
2024-04-17T21:50:23.024+03:00  INFO 95132 --- [    Test worker] o.s.c.s.binder.DefaultBinderFactory      : Caching the binder: integration
2024-04-17T21:50:23.051+03:00  INFO 95132 --- [    Test worker] o.s.c.stream.binder.BinderErrorChannel   : Channel '31602211.springCloudBusInput.errors' has 1 subscriber(s).
2024-04-17T21:50:23.055+03:00  INFO 95132 --- [    Test worker] o.s.c.stream.binder.BinderErrorChannel   : Channel '31602211.springCloudBusInput.errors' has 2 subscriber(s).
2024-04-17T21:50:23.056+03:00  INFO 95132 --- [    Test worker] o.s.i.channel.PublishSubscribeChannel    : Channel 'springCloudBus.destination' has 1 subscriber(s).
2024-04-17T21:50:23.058+03:00  INFO 95132 --- [    Test worker] r$IntegrationBinderInboundChannelAdapter : started org.springframework.cloud.stream.binder.test.TestChannelBinder$IntegrationBinderInboundChannelAdapter@3d9d8b09
2024-04-17T21:50:23.069+03:00  INFO 95132 --- [    Test worker] o.s.a.r.c.CachingConnectionFactory       : Attempting to connect to: [localhost:58594]
2024-04-17T21:50:23.209+03:00  INFO 95132 --- [    Test worker] o.s.a.r.c.CachingConnectionFactory       : Created new connection: rabbitConnectionFactory#615bf4a1:0/SimpleConnection@1e7822fb [delegate=amqp://guest@127.0.0.1:58594/, localPort=58635]
2024-04-17T21:50:23.385+03:00  INFO 95132 --- [    Test worker] com.example.service.AccountServiceTest   : Started AccountServiceTest in 32.154 seconds (process running for 94.741)
2024-04-17T21:50:23.784+03:00  INFO 95132 --- [    Test worker] c.e.account.service.AccountService       : Getting account with ID: 1
2024-04-17T21:50:23.879+03:00  WARN 95132 --- [    Test worker] c.e.account.service.AccountService       : Account not found for ID: 1
2024-04-17T21:50:23.944+03:00  INFO 95132 --- [    Test worker] c.e.account.service.AccountService       : Creating account for customer: 3
2024-04-17T21:50:24.095+03:00  INFO 95132 --- [    Test worker] .l.DirectReplyToMessageListenerContainer : Container initialized for queues: [amq.rabbitmq.reply-to]
2024-04-17T21:50:24.115+03:00  INFO 95132 --- [    Test worker] .l.DirectReplyToMessageListenerContainer : SimpleConsumer [queue=amq.rabbitmq.reply-to, index=0, consumerTag=amq.ctag-rvYRyFILhhK429KxaTpRdQ identity=544613eb] started
2024-04-17T21:50:24.515+03:00  INFO 95132 --- [    Test worker] c.e.account.service.AccountService       : Creating account for customer: 4
2024-04-17T21:50:24.593+03:00  INFO 95132 --- [    Test worker] c.e.account.service.AccountService       : Creating account for customer: 2
2024-04-17T21:50:24.621+03:00  INFO 95132 --- [    Test worker] c.e.account.service.AccountService       : Creating account for customer: null
2024-04-17T21:50:24.674+03:00  INFO 95132 --- [    Test worker] c.e.account.service.AccountService       : Creating account for customer: 5
2024-04-17T21:50:24.700+03:00  INFO 95132 --- [    Test worker] c.e.account.service.AccountService       : Getting account with ID: 5
2024-04-17T21:50:25.386+03:00  INFO 95132 --- [ntContainer#1-1] o.s.a.r.l.SimpleMessageListenerContainer : Restarting Consumer@1202fbc: tags=[[amq.ctag-pkhXekCNCwgrIx9DlzPjQg]], channel=Cached Rabbit Channel: AMQChannel(amqp://guest@127.0.0.1:58594/,2), conn: Proxy@6be8c40c Shared Rabbit Connection: SimpleConnection@1e7822fb [delegate=amqp://guest@127.0.0.1:58594/, localPort=58635], acknowledgeMode=AUTO local queue size=0
2024-04-17T21:50:25.389+03:00  INFO 95132 --- [ntContainer#0-1] o.s.a.r.l.SimpleMessageListenerContainer : Restarting Consumer@27ced872: tags=[[amq.ctag--QUgnMRY4YF8MALRbNQIqg]], channel=Cached Rabbit Channel: AMQChannel(amqp://guest@127.0.0.1:58594/,1), conn: Proxy@6be8c40c Shared Rabbit Connection: SimpleConnection@1e7822fb [delegate=amqp://guest@127.0.0.1:58594/, localPort=58635], acknowledgeMode=AUTO local queue size=0
2024-04-17T21:50:25.399+03:00  INFO 95132 --- [ntContainer#1-2] o.s.a.r.c.CachingConnectionFactory       : Attempting to connect to: [localhost:58594]
]]></system-out>
  <system-err><![CDATA[]]></system-err>
</testsuite>
