<?xml version="1.0" encoding="UTF-8"?>
<testsuite name="com.example.service.AccountServiceTest" tests="7" skipped="0" failures="0" errors="0" timestamp="2024-04-17T12:59:12" hostname="EEPARTSJOO02" time="1.319">
  <properties/>
  <testcase name="mustNotFindAccount()" classname="com.example.service.AccountServiceTest" time="0.483"/>
  <testcase name="validDataShouldCreateAccountAndBalances()" classname="com.example.service.AccountServiceTest" time="0.551"/>
  <testcase name="accountCreationShouldPublishAccountCreatedEvent()" classname="com.example.service.AccountServiceTest" time="0.114"/>
  <testcase name="invalidCurrencyShouldThrowBusinessException()" classname="com.example.service.AccountServiceTest" time="0.027"/>
  <testcase name="shouldThrowErrorWhenCustomerIdIsNull()" classname="com.example.service.AccountServiceTest" time="0.018"/>
  <testcase name="testServices()" classname="com.example.service.AccountServiceTest" time="0.009"/>
  <testcase name="mustFindAccountSuccessfully()" classname="com.example.service.AccountServiceTest" time="0.097"/>
  <system-out><![CDATA[Standard Commons Logging discovery in action with spring-jcl: please remove commons-logging.jar from classpath in order to avoid potential conflicts
15:57:42.996 [Test worker] INFO org.testcontainers.images.PullPolicy -- Image pull policy will be performed by: DefaultPullPolicy()
15:57:43.009 [Test worker] INFO org.testcontainers.utility.ImageNameSubstitutor -- Image name substitution will be performed by: DefaultImageNameSubstitutor (composite of 'ConfigurationFileImageNameSubstitutor' and 'PrefixingImageNameSubstitutor')
15:57:43.913 [testcontainers-lifecycle-0] INFO org.testcontainers.dockerclient.DockerClientProviderStrategy -- Loaded org.testcontainers.dockerclient.NpipeSocketClientProviderStrategy from ~/.testcontainers.properties, will try it first
15:57:44.615 [testcontainers-lifecycle-0] INFO org.testcontainers.dockerclient.DockerClientProviderStrategy -- Found Docker environment with local Npipe socket (npipe:////./pipe/docker_engine)
15:57:44.618 [testcontainers-lifecycle-0] INFO org.testcontainers.DockerClientFactory -- Docker host IP address is localhost
15:57:44.649 [testcontainers-lifecycle-0] INFO org.testcontainers.DockerClientFactory -- Connected to docker: 
  Server Version: 24.0.6
  API Version: 1.43
  Operating System: Docker Desktop
  Total Memory: 15835 MB
15:57:44.707 [testcontainers-lifecycle-0] INFO tc.testcontainers/ryuk:0.6.0 -- Creating container for image: testcontainers/ryuk:0.6.0
15:57:44.867 [testcontainers-lifecycle-0] INFO org.testcontainers.utility.RegistryAuthLocator -- Credential helper/store (docker-credential-wincred) does not have credentials for https://index.docker.io/v1/
15:57:45.089 [testcontainers-lifecycle-0] INFO tc.testcontainers/ryuk:0.6.0 -- Container testcontainers/ryuk:0.6.0 is starting: f387806fbdb93113e34e1dcb74eb91ef2307d42858b53e5fddb7f8c4abbc8c6a
15:57:45.869 [testcontainers-lifecycle-0] INFO tc.testcontainers/ryuk:0.6.0 -- Container testcontainers/ryuk:0.6.0 started in PT1.1614141S
15:57:45.879 [testcontainers-lifecycle-0] INFO org.testcontainers.utility.RyukResourceReaper -- Ryuk started - will monitor and terminate Testcontainers containers on JVM exit
15:57:45.879 [testcontainers-lifecycle-0] INFO org.testcontainers.DockerClientFactory -- Checking the system...
15:57:45.880 [testcontainers-lifecycle-0] INFO org.testcontainers.DockerClientFactory -- ?? Docker server version should be at least 1.6.0
15:57:45.882 [testcontainers-lifecycle-0] INFO tc.rabbitmq:3-management -- Creating container for image: rabbitmq:3-management
15:57:45.882 [testcontainers-lifecycle-1] INFO tc.postgres:15.6-alpine -- Creating container for image: postgres:15.6-alpine
15:57:46.021 [testcontainers-lifecycle-0] INFO tc.rabbitmq:3-management -- Container rabbitmq:3-management is starting: c1a4cde3409ab8b11e87710c451ce75722be9842e8fc98c911ee10757da284fe
15:57:46.125 [testcontainers-lifecycle-1] INFO tc.postgres:15.6-alpine -- Container postgres:15.6-alpine is starting: add519b32ba6796079e03b16ff7bc94d436aefe27cc21df7e93f7b6c3af5aceb
15:57:48.278 [testcontainers-lifecycle-1] INFO tc.postgres:15.6-alpine -- Container postgres:15.6-alpine started in PT2.3969133S
15:57:48.281 [testcontainers-lifecycle-1] INFO tc.postgres:15.6-alpine -- Container is started (JDBC URL: jdbc:postgresql://localhost:54885/postgres?loggerLevel=OFF)
15:57:55.242 [testcontainers-lifecycle-0] INFO tc.rabbitmq:3-management -- Container rabbitmq:3-management started in PT9.3608583S
15:57:55.244 [testcontainers-lifecycle-1] INFO tc.openjdk:17-jdk-slim -- Creating container for image: openjdk:17-jdk-slim
15:57:55.286 [testcontainers-lifecycle-1] WARN org.testcontainers.containers.GenericContainer -- folder-like containerPath in copyFileToContainer is deprecated, please explicitly specify a file path
15:58:01.465 [testcontainers-lifecycle-1] INFO tc.openjdk:17-jdk-slim -- Container openjdk:17-jdk-slim is starting: 8aaeee1e04a609fe50be4561a0aa17953f02eec065fa83c84816630adf0928e0
15:58:16.026 [testcontainers-lifecycle-1] INFO tc.openjdk:17-jdk-slim -- Container openjdk:17-jdk-slim started in PT20.781555S
15:58:16.027 [Test worker] INFO tc.openjdk:17-jdk-slim -- Creating container for image: openjdk:17-jdk-slim
15:58:16.102 [Test worker] WARN org.testcontainers.containers.GenericContainer -- folder-like containerPath in copyFileToContainer is deprecated, please explicitly specify a file path
15:58:21.189 [Test worker] INFO tc.openjdk:17-jdk-slim -- Container openjdk:17-jdk-slim is starting: cc47db7384cde67f36d3ab06ee25a87056ac3913c9d4528bb09dc9a390793060
15:58:23.486 [Test worker] INFO tc.openjdk:17-jdk-slim -- Container openjdk:17-jdk-slim started in PT7.4592564S
15:58:23.488 [Test worker] INFO tc.openjdk:17-jdk-slim -- Creating container for image: openjdk:17-jdk-slim
15:58:23.545 [Test worker] WARN org.testcontainers.containers.GenericContainer -- folder-like containerPath in copyFileToContainer is deprecated, please explicitly specify a file path
15:58:30.486 [Test worker] INFO tc.openjdk:17-jdk-slim -- Container openjdk:17-jdk-slim is starting: e2b0684f0c6c935e2e3a2997d52a6060e4744b8b24a51ca003fce6ef1efa53ca
15:58:34.293 [Test worker] INFO tc.openjdk:17-jdk-slim -- Container openjdk:17-jdk-slim started in PT10.8054184S

  .   ____          _            __ _ _
 /\\ / ___'_ __ _ _(_)_ __  __ _ \ \ \ \
( ( )\___ | '_ | '_| | '_ \/ _` | \ \ \ \
 \\/  ___)| |_)| | | | | || (_| |  ) ) ) )
  '  |____| .__|_| |_|_| |_\__, | / / / /
 =========|_|==============|___/=/_/_/_/
 :: Spring Boot ::                (v3.2.4)

2024-04-17T15:58:38.284+03:00  INFO 54500 --- [    Test worker] com.example.service.AccountServiceTest   : Starting AccountServiceTest using Java 17.0.9 with PID 54500 (started by partsjoo in C:\Users\partsjoo\IdeaProjects\account-project)
2024-04-17T15:58:38.304+03:00  INFO 54500 --- [    Test worker] com.example.service.AccountServiceTest   : The following 1 profile is active: "integtest"
2024-04-17T15:58:44.675+03:00  INFO 54500 --- [    Test worker] .s.d.r.c.RepositoryConfigurationDelegate : Bootstrapping Spring Data JPA repositories in DEFAULT mode.
2024-04-17T15:58:44.749+03:00  INFO 54500 --- [    Test worker] .s.d.r.c.RepositoryConfigurationDelegate : Finished Spring Data repository scanning in 32 ms. Found 0 JPA repository interfaces.
2024-04-17T15:58:45.957+03:00  INFO 54500 --- [    Test worker] faultConfiguringBeanFactoryPostProcessor : No bean named 'errorChannel' has been explicitly defined. Therefore, a default PublishSubscribeChannel will be created.
2024-04-17T15:58:46.005+03:00  INFO 54500 --- [    Test worker] faultConfiguringBeanFactoryPostProcessor : No bean named 'integrationHeaderChannelRegistry' has been explicitly defined. Therefore, a default DefaultHeaderChannelRegistry will be created.
2024-04-17T15:58:46.598+03:00  INFO 54500 --- [    Test worker] o.s.cloud.context.scope.GenericScope     : BeanFactory id=e0611cdf-2c7c-3706-a79b-b13523c4a69c
2024-04-17T15:58:50.044+03:00  INFO 54500 --- [    Test worker] liquibase.database                       : Set default schema name to public
2024-04-17T15:58:50.777+03:00  INFO 54500 --- [    Test worker] liquibase.changelog                      : Creating database history table with name: public.dbchangelog_account
2024-04-17T15:58:50.884+03:00  INFO 54500 --- [    Test worker] liquibase.changelog                      : Reading from public.dbchangelog_account
2024-04-17T15:58:51.110+03:00  INFO 54500 --- [    Test worker] liquibase.lockservice                    : Successfully acquired change log lock
2024-04-17T15:58:51.118+03:00  INFO 54500 --- [    Test worker] liquibase.command                        : Using deploymentId: 3358731117
2024-04-17T15:58:51.126+03:00  INFO 54500 --- [    Test worker] liquibase.changelog                      : Reading from public.dbchangelog_account
Running Changeset: db/changelog/sql/account_init.sql::raw::includeAll
2024-04-17T15:58:51.266+03:00  WARN 54500 --- [    Test worker] liquibase.executor                       : relation "accounts" already exists, skipping
2024-04-17T15:58:51.266+03:00  INFO 54500 --- [    Test worker] liquibase.changelog                      : Custom SQL executed
2024-04-17T15:58:51.271+03:00  INFO 54500 --- [    Test worker] liquibase.changelog                      : ChangeSet db/changelog/sql/account_init.sql::raw::includeAll ran successfully in 53ms
2024-04-17T15:58:51.300+03:00  INFO 54500 --- [    Test worker] liquibase.util                           : UPDATE SUMMARY
2024-04-17T15:58:51.301+03:00  INFO 54500 --- [    Test worker] liquibase.util                           : Run:                          1
2024-04-17T15:58:51.301+03:00  INFO 54500 --- [    Test worker] liquibase.util                           : Previously run:               0
2024-04-17T15:58:51.301+03:00  INFO 54500 --- [    Test worker] liquibase.util                           : Filtered out:                 0
2024-04-17T15:58:51.301+03:00  INFO 54500 --- [    Test worker] liquibase.util                           : -------------------------------
2024-04-17T15:58:51.302+03:00  INFO 54500 --- [    Test worker] liquibase.util                           : Total change sets:            1
2024-04-17T15:58:51.302+03:00  INFO 54500 --- [    Test worker] liquibase.util                           : Update summary generated
2024-04-17T15:58:51.308+03:00  INFO 54500 --- [    Test worker] liquibase.command                        : Update command completed successfully.
Liquibase: Update has been successful. Rows affected: 1
2024-04-17T15:58:51.322+03:00  INFO 54500 --- [    Test worker] liquibase.lockservice                    : Successfully released change log lock
2024-04-17T15:58:51.327+03:00  INFO 54500 --- [    Test worker] liquibase.command                        : Command execution complete
2024-04-17T15:58:51.640+03:00  INFO 54500 --- [    Test worker] o.hibernate.jpa.internal.util.LogHelper  : HHH000204: Processing PersistenceUnitInfo [name: default]
2024-04-17T15:58:51.874+03:00  INFO 54500 --- [    Test worker] org.hibernate.Version                    : HHH000412: Hibernate ORM core version 6.4.4.Final
2024-04-17T15:58:52.035+03:00  INFO 54500 --- [    Test worker] o.h.c.internal.RegionFactoryInitiator    : HHH000026: Second-level cache disabled
2024-04-17T15:58:53.043+03:00  INFO 54500 --- [    Test worker] o.s.o.j.p.SpringPersistenceUnitInfo      : No LoadTimeWeaver setup: ignoring JPA class transformer
2024-04-17T15:58:53.133+03:00  INFO 54500 --- [    Test worker] com.zaxxer.hikari.HikariDataSource       : HikariPool-1 - Starting...
2024-04-17T15:58:53.208+03:00  INFO 54500 --- [    Test worker] com.zaxxer.hikari.pool.HikariPool        : HikariPool-1 - Added connection org.postgresql.jdbc.PgConnection@36e054f9
2024-04-17T15:58:53.215+03:00  INFO 54500 --- [    Test worker] com.zaxxer.hikari.HikariDataSource       : HikariPool-1 - Start completed.
2024-04-17T15:58:54.815+03:00  INFO 54500 --- [    Test worker] o.h.e.t.j.p.i.JtaPlatformInitiator       : HHH000489: No JTA platform available (set 'hibernate.transaction.jta.platform' to enable JTA platform integration)
2024-04-17T15:58:54.833+03:00  INFO 54500 --- [    Test worker] j.LocalContainerEntityManagerFactoryBean : Initialized JPA EntityManagerFactory for persistence unit 'default'
2024-04-17T15:59:01.704+03:00  WARN 54500 --- [    Test worker] JpaBaseConfiguration$JpaWebConfiguration : spring.jpa.open-in-view is enabled by default. Therefore, database queries may be performed during view rendering. Explicitly configure spring.jpa.open-in-view to disable this warning
2024-04-17T15:59:06.019+03:00  INFO 54500 --- [    Test worker] c.r.stream.impl.StreamEnvironment        : Connecting to localhost with guest user, assuming development environment
2024-04-17T15:59:06.021+03:00  INFO 54500 --- [    Test worker] c.r.stream.impl.StreamEnvironment        : Using address resolver to always connect to localhost
2024-04-17T15:59:08.031+03:00  INFO 54500 --- [    Test worker] o.s.cloud.commons.util.InetUtils         : Cannot determine local hostname
2024-04-17T15:59:09.008+03:00  INFO 54500 --- [    Test worker] o.s.c.s.m.DirectWithAttributesChannel    : Channel 'application.springCloudBusInput' has 1 subscriber(s).
2024-04-17T15:59:11.261+03:00  INFO 54500 --- [    Test worker] o.s.cloud.commons.util.InetUtils         : Cannot determine local hostname
2024-04-17T15:59:11.357+03:00  INFO 54500 --- [    Test worker] o.s.b.a.e.web.EndpointLinksResolver      : Exposing 2 endpoint(s) beneath base path '/actuator'
2024-04-17T15:59:11.722+03:00  INFO 54500 --- [    Test worker] o.s.i.endpoint.EventDrivenConsumer       : Adding {logging-channel-adapter:_org.springframework.integration.errorLogger} as a subscriber to the 'errorChannel' channel
2024-04-17T15:59:11.723+03:00  INFO 54500 --- [    Test worker] o.s.i.channel.PublishSubscribeChannel    : Channel 'application.errorChannel' has 1 subscriber(s).
2024-04-17T15:59:11.725+03:00  INFO 54500 --- [    Test worker] o.s.i.endpoint.EventDrivenConsumer       : started bean '_org.springframework.integration.errorLogger'
2024-04-17T15:59:11.728+03:00  INFO 54500 --- [    Test worker] o.s.c.s.binder.DefaultBinderFactory      : Creating binder: integration
2024-04-17T15:59:11.729+03:00  INFO 54500 --- [    Test worker] o.s.c.s.binder.DefaultBinderFactory      : Constructing binder child context for integration
2024-04-17T15:59:11.900+03:00  INFO 54500 --- [    Test worker] o.s.c.s.binder.DefaultBinderFactory      : Caching the binder: integration
2024-04-17T15:59:11.928+03:00  INFO 54500 --- [    Test worker] o.s.c.stream.binder.BinderErrorChannel   : Channel '1144308588.springCloudBusInput.errors' has 1 subscriber(s).
2024-04-17T15:59:11.931+03:00  INFO 54500 --- [    Test worker] o.s.c.stream.binder.BinderErrorChannel   : Channel '1144308588.springCloudBusInput.errors' has 2 subscriber(s).
2024-04-17T15:59:11.932+03:00  INFO 54500 --- [    Test worker] o.s.i.channel.PublishSubscribeChannel    : Channel 'springCloudBus.destination' has 1 subscriber(s).
2024-04-17T15:59:11.935+03:00  INFO 54500 --- [    Test worker] r$IntegrationBinderInboundChannelAdapter : started org.springframework.cloud.stream.binder.test.TestChannelBinder$IntegrationBinderInboundChannelAdapter@18c5ded7
2024-04-17T15:59:11.943+03:00  INFO 54500 --- [    Test worker] o.s.a.r.c.CachingConnectionFactory       : Attempting to connect to: [localhost:54883]
2024-04-17T15:59:12.103+03:00  INFO 54500 --- [    Test worker] o.s.a.r.c.CachingConnectionFactory       : Created new connection: rabbitConnectionFactory#1b844e16:0/SimpleConnection@60847f4f [delegate=amqp://guest@127.0.0.1:54883/, localPort=55025]
2024-04-17T15:59:12.312+03:00  INFO 54500 --- [    Test worker] com.example.service.AccountServiceTest   : Started AccountServiceTest in 37.804 seconds (process running for 92.845)
2024-04-17T15:59:12.755+03:00  INFO 54500 --- [    Test worker] c.e.account.service.AccountService       : Getting account with ID: 1
2024-04-17T15:59:12.874+03:00  WARN 54500 --- [    Test worker] c.e.account.service.AccountService       : Account not found for ID: 1
2024-04-17T15:59:12.928+03:00  INFO 54500 --- [    Test worker] c.e.account.service.AccountService       : Creating account for customer: 3
2024-04-17T15:59:13.065+03:00  INFO 54500 --- [    Test worker] .l.DirectReplyToMessageListenerContainer : Container initialized for queues: [amq.rabbitmq.reply-to]
2024-04-17T15:59:13.090+03:00  INFO 54500 --- [    Test worker] .l.DirectReplyToMessageListenerContainer : SimpleConsumer [queue=amq.rabbitmq.reply-to, index=0, consumerTag=amq.ctag-ri_YZq4Ja6DLNsFKiF_Ubw identity=462ffc16] started
2024-04-17T15:59:13.479+03:00  INFO 54500 --- [    Test worker] c.e.account.service.AccountService       : Creating account for customer: 4
2024-04-17T15:59:13.598+03:00  INFO 54500 --- [    Test worker] c.e.account.service.AccountService       : Creating account for customer: 2
2024-04-17T15:59:13.629+03:00  INFO 54500 --- [    Test worker] c.e.account.service.AccountService       : Creating account for customer: null
2024-04-17T15:59:13.663+03:00  INFO 54500 --- [    Test worker] c.e.account.service.AccountService       : Creating account for customer: 5
2024-04-17T15:59:13.692+03:00  INFO 54500 --- [    Test worker] c.e.account.service.AccountService       : Getting account with ID: 5
2024-04-17T15:59:15.313+03:00  INFO 54500 --- [ntContainer#0-1] o.s.a.r.l.SimpleMessageListenerContainer : Restarting Consumer@68e4af8e: tags=[[amq.ctag-KiHP3g7-UmHI1f1Bwr5rPw]], channel=Cached Rabbit Channel: AMQChannel(amqp://guest@127.0.0.1:54883/,1), conn: Proxy@5ec3d4f8 Shared Rabbit Connection: SimpleConnection@60847f4f [delegate=amqp://guest@127.0.0.1:54883/, localPort=55025], acknowledgeMode=AUTO local queue size=0
2024-04-17T15:59:15.331+03:00  INFO 54500 --- [ntContainer#0-2] o.s.a.r.c.CachingConnectionFactory       : Attempting to connect to: [localhost:54883]
2024-04-17T15:59:15.327+03:00  INFO 54500 --- [ntContainer#1-1] o.s.a.r.l.SimpleMessageListenerContainer : Restarting Consumer@56688aff: tags=[[amq.ctag-DqcZ-CqFcWKW6c6Ox3TVVw]], channel=Cached Rabbit Channel: AMQChannel(amqp://guest@127.0.0.1:54883/,2), conn: Proxy@5ec3d4f8 Shared Rabbit Connection: SimpleConnection@60847f4f [delegate=amqp://guest@127.0.0.1:54883/, localPort=55025], acknowledgeMode=AUTO local queue size=0
2024-04-17T15:59:15.392+03:00  INFO 54500 --- [ntContainer#1-2] o.s.a.r.c.CachingConnectionFactory       : Attempting to connect to: [localhost:54883]
2024-04-17T15:59:15.391+03:00 ERROR 54500 --- [ntContainer#0-2] o.s.a.r.l.SimpleMessageListenerContainer : Failed to check/redeclare auto-delete queue(s).

org.springframework.amqp.AmqpIOException: java.io.IOException
	at org.springframework.amqp.rabbit.support.RabbitExceptionTranslator.convertRabbitAccessException(RabbitExceptionTranslator.java:70) ~[spring-rabbit-3.1.3.jar:3.1.3]
	at org.springframework.amqp.rabbit.connection.AbstractConnectionFactory.createBareConnection(AbstractConnectionFactory.java:622) ~[spring-rabbit-3.1.3.jar:3.1.3]
	at org.springframework.amqp.rabbit.connection.CachingConnectionFactory.createConnection(CachingConnectionFactory.java:727) ~[spring-rabbit-3.1.3.jar:3.1.3]
	at org.springframework.amqp.rabbit.connection.CachingConnectionFactory.createBareChannel(CachingConnectionFactory.java:672) ~[spring-rabbit-3.1.3.jar:3.1.3]
	at org.springframework.amqp.rabbit.connection.CachingConnectionFactory.getCachedChannelProxy(CachingConnectionFactory.java:645) ~[spring-rabbit-3.1.3.jar:3.1.3]
	at org.springframework.amqp.rabbit.connection.CachingConnectionFactory.getChannel(CachingConnectionFactory.java:534) ~[spring-rabbit-3.1.3.jar:3.1.3]
	at org.springframework.amqp.rabbit.connection.CachingConnectionFactory$ChannelCachingConnectionProxy.createChannel(CachingConnectionFactory.java:1503) ~[spring-rabbit-3.1.3.jar:3.1.3]
	at org.springframework.amqp.rabbit.core.RabbitTemplate.doExecute(RabbitTemplate.java:2255) ~[spring-rabbit-3.1.3.jar:3.1.3]
	at org.springframework.amqp.rabbit.core.RabbitTemplate.execute(RabbitTemplate.java:2222) ~[spring-rabbit-3.1.3.jar:3.1.3]
	at org.springframework.amqp.rabbit.core.RabbitTemplate.execute(RabbitTemplate.java:2202) ~[spring-rabbit-3.1.3.jar:3.1.3]
	at org.springframework.amqp.rabbit.core.RabbitAdmin.getQueueInfo(RabbitAdmin.java:467) ~[spring-rabbit-3.1.3.jar:3.1.3]
	at org.springframework.amqp.rabbit.core.RabbitAdmin.getQueueProperties(RabbitAdmin.java:451) ~[spring-rabbit-3.1.3.jar:3.1.3]
	at org.springframework.amqp.rabbit.listener.AbstractMessageListenerContainer.attemptDeclarations(AbstractMessageListenerContainer.java:1960) ~[spring-rabbit-3.1.3.jar:3.1.3]
	at org.springframework.amqp.rabbit.listener.AbstractMessageListenerContainer.redeclareElementsIfNecessary(AbstractMessageListenerContainer.java:1924) ~[spring-rabbit-3.1.3.jar:3.1.3]
	at org.springframework.amqp.rabbit.listener.SimpleMessageListenerContainer$AsyncMessageProcessingConsumer.initialize(SimpleMessageListenerContainer.java:1480) ~[spring-rabbit-3.1.3.jar:3.1.3]
	at org.springframework.amqp.rabbit.listener.SimpleMessageListenerContainer$AsyncMessageProcessingConsumer.run(SimpleMessageListenerContainer.java:1322) ~[spring-rabbit-3.1.3.jar:3.1.3]
	at java.base/java.lang.Thread.run(Thread.java:842) ~[na:na]
Caused by: java.io.IOException: null
	at com.rabbitmq.client.impl.AMQChannel.wrap(AMQChannel.java:140) ~[amqp-client-5.19.0.jar:5.19.0]
	at com.rabbitmq.client.impl.AMQChannel.wrap(AMQChannel.java:136) ~[amqp-client-5.19.0.jar:5.19.0]
	at com.rabbitmq.client.impl.AMQConnection.start(AMQConnection.java:406) ~[amqp-client-5.19.0.jar:5.19.0]
	at com.rabbitmq.client.ConnectionFactory.newConnection(ConnectionFactory.java:1251) ~[amqp-client-5.19.0.jar:5.19.0]
	at com.rabbitmq.client.ConnectionFactory.newConnection(ConnectionFactory.java:1198) ~[amqp-client-5.19.0.jar:5.19.0]
	at org.springframework.amqp.rabbit.connection.AbstractConnectionFactory.connectAddresses(AbstractConnectionFactory.java:668) ~[spring-rabbit-3.1.3.jar:3.1.3]
	at org.springframework.amqp.rabbit.connection.AbstractConnectionFactory.connect(AbstractConnectionFactory.java:637) ~[spring-rabbit-3.1.3.jar:3.1.3]
	at org.springframework.amqp.rabbit.connection.AbstractConnectionFactory.createBareConnection(AbstractConnectionFactory.java:584) ~[spring-rabbit-3.1.3.jar:3.1.3]
	... 15 common frames omitted
Caused by: com.rabbitmq.client.ShutdownSignalException: connection error
	at com.rabbitmq.utility.ValueOrException.getValue(ValueOrException.java:66) ~[amqp-client-5.19.0.jar:5.19.0]
	at com.rabbitmq.utility.BlockingValueOrException.uninterruptibleGetValue(BlockingValueOrException.java:36) ~[amqp-client-5.19.0.jar:5.19.0]
	at com.rabbitmq.client.impl.AMQChannel$BlockingRpcContinuation.getReply(AMQChannel.java:552) ~[amqp-client-5.19.0.jar:5.19.0]
	at com.rabbitmq.client.impl.AMQConnection.start(AMQConnection.java:336) ~[amqp-client-5.19.0.jar:5.19.0]
	... 20 common frames omitted
Caused by: java.io.EOFException: null
	at java.base/java.io.DataInputStream.readUnsignedByte(DataInputStream.java:296) ~[na:na]
	at com.rabbitmq.client.impl.Frame.readFrom(Frame.java:91) ~[amqp-client-5.19.0.jar:5.19.0]
	at com.rabbitmq.client.impl.SocketFrameHandler.readFrame(SocketFrameHandler.java:199) ~[amqp-client-5.19.0.jar:5.19.0]
	at com.rabbitmq.client.impl.AMQConnection$MainLoop.run(AMQConnection.java:687) ~[amqp-client-5.19.0.jar:5.19.0]
	... 1 common frames omitted

2024-04-17T15:59:15.482+03:00  INFO 54500 --- [ntContainer#0-2] o.s.a.r.c.CachingConnectionFactory       : Attempting to connect to: [localhost:54883]
2024-04-17T15:59:15.482+03:00 ERROR 54500 --- [ntContainer#1-2] o.s.a.r.l.SimpleMessageListenerContainer : Failed to check/redeclare auto-delete queue(s).

org.springframework.amqp.AmqpIOException: java.io.IOException
	at org.springframework.amqp.rabbit.support.RabbitExceptionTranslator.convertRabbitAccessException(RabbitExceptionTranslator.java:70) ~[spring-rabbit-3.1.3.jar:3.1.3]
	at org.springframework.amqp.rabbit.connection.AbstractConnectionFactory.createBareConnection(AbstractConnectionFactory.java:622) ~[spring-rabbit-3.1.3.jar:3.1.3]
	at org.springframework.amqp.rabbit.connection.CachingConnectionFactory.createConnection(CachingConnectionFactory.java:727) ~[spring-rabbit-3.1.3.jar:3.1.3]
	at org.springframework.amqp.rabbit.connection.ConnectionFactoryUtils.createConnection(ConnectionFactoryUtils.java:257) ~[spring-rabbit-3.1.3.jar:3.1.3]
	at org.springframework.amqp.rabbit.core.RabbitTemplate.doExecute(RabbitTemplate.java:2249) ~[spring-rabbit-3.1.3.jar:3.1.3]
	at org.springframework.amqp.rabbit.core.RabbitTemplate.execute(RabbitTemplate.java:2222) ~[spring-rabbit-3.1.3.jar:3.1.3]
	at org.springframework.amqp.rabbit.core.RabbitTemplate.execute(RabbitTemplate.java:2202) ~[spring-rabbit-3.1.3.jar:3.1.3]
	at org.springframework.amqp.rabbit.core.RabbitAdmin.getQueueInfo(RabbitAdmin.java:467) ~[spring-rabbit-3.1.3.jar:3.1.3]
	at org.springframework.amqp.rabbit.core.RabbitAdmin.getQueueProperties(RabbitAdmin.java:451) ~[spring-rabbit-3.1.3.jar:3.1.3]
	at org.springframework.amqp.rabbit.listener.AbstractMessageListenerContainer.attemptDeclarations(AbstractMessageListenerContainer.java:1960) ~[spring-rabbit-3.1.3.jar:3.1.3]
	at org.springframework.amqp.rabbit.listener.AbstractMessageListenerContainer.redeclareElementsIfNecessary(AbstractMessageListenerContainer.java:1924) ~[spring-rabbit-3.1.3.jar:3.1.3]
	at org.springframework.amqp.rabbit.listener.SimpleMessageListenerContainer$AsyncMessageProcessingConsumer.initialize(SimpleMessageListenerContainer.java:1480) ~[spring-rabbit-3.1.3.jar:3.1.3]
	at org.springframework.amqp.rabbit.listener.SimpleMessageListenerContainer$AsyncMessageProcessingConsumer.run(SimpleMessageListenerContainer.java:1322) ~[spring-rabbit-3.1.3.jar:3.1.3]
	at java.base/java.lang.Thread.run(Thread.java:842) ~[na:na]
Caused by: java.io.IOException: null
	at com.rabbitmq.client.impl.AMQChannel.wrap(AMQChannel.java:140) ~[amqp-client-5.19.0.jar:5.19.0]
	at com.rabbitmq.client.impl.AMQChannel.wrap(AMQChannel.java:136) ~[amqp-client-5.19.0.jar:5.19.0]
	at com.rabbitmq.client.impl.AMQConnection.start(AMQConnection.java:406) ~[amqp-client-5.19.0.jar:5.19.0]
	at com.rabbitmq.client.ConnectionFactory.newConnection(ConnectionFactory.java:1251) ~[amqp-client-5.19.0.jar:5.19.0]
	at com.rabbitmq.client.ConnectionFactory.newConnection(ConnectionFactory.java:1198) ~[amqp-client-5.19.0.jar:5.19.0]
	at org.springframework.amqp.rabbit.connection.AbstractConnectionFactory.connectAddresses(AbstractConnectionFactory.java:668) ~[spring-rabbit-3.1.3.jar:3.1.3]
	at org.springframework.amqp.rabbit.connection.AbstractConnectionFactory.connect(AbstractConnectionFactory.java:637) ~[spring-rabbit-3.1.3.jar:3.1.3]
	at org.springframework.amqp.rabbit.connection.AbstractConnectionFactory.createBareConnection(AbstractConnectionFactory.java:584) ~[spring-rabbit-3.1.3.jar:3.1.3]
	... 12 common frames omitted
Caused by: com.rabbitmq.client.ShutdownSignalException: connection error
	at com.rabbitmq.utility.ValueOrException.getValue(ValueOrException.java:66) ~[amqp-client-5.19.0.jar:5.19.0]
	at com.rabbitmq.utility.BlockingValueOrException.uninterruptibleGetValue(BlockingValueOrException.java:36) ~[amqp-client-5.19.0.jar:5.19.0]
	at com.rabbitmq.client.impl.AMQChannel$BlockingRpcContinuation.getReply(AMQChannel.java:552) ~[amqp-client-5.19.0.jar:5.19.0]
	at com.rabbitmq.client.impl.AMQConnection.start(AMQConnection.java:336) ~[amqp-client-5.19.0.jar:5.19.0]
	... 17 common frames omitted
Caused by: java.io.EOFException: null
	at java.base/java.io.DataInputStream.readUnsignedByte(DataInputStream.java:296) ~[na:na]
	at com.rabbitmq.client.impl.Frame.readFrom(Frame.java:91) ~[amqp-client-5.19.0.jar:5.19.0]
	at com.rabbitmq.client.impl.SocketFrameHandler.readFrame(SocketFrameHandler.java:199) ~[amqp-client-5.19.0.jar:5.19.0]
	at com.rabbitmq.client.impl.AMQConnection$MainLoop.run(AMQConnection.java:687) ~[amqp-client-5.19.0.jar:5.19.0]
	... 1 common frames omitted

2024-04-17T15:59:15.516+03:00  INFO 54500 --- [ntContainer#1-2] o.s.a.r.c.CachingConnectionFactory       : Attempting to connect to: [localhost:54883]
2024-04-17T15:59:15.522+03:00  WARN 54500 --- [127.0.0.1:54883] c.r.c.impl.ForgivingExceptionHandler     : An unexpected connection driver error occurred (Exception message: Connection reset)
2024-04-17T15:59:18.068+03:00 ERROR 54500 --- [nsumerMonitor-1] .l.DirectReplyToMessageListenerContainer : Consumer canceled - channel closed SimpleConsumer [queue=amq.rabbitmq.reply-to, index=0, consumerTag=amq.ctag-ri_YZq4Ja6DLNsFKiF_Ubw identity=462ffc16]
2024-04-17T15:59:18.069+03:00  INFO 54500 --- [nsumerMonitor-1] o.s.a.r.c.CachingConnectionFactory       : Attempting to connect to: [localhost:54883]
2024-04-17T15:59:18.073+03:00 ERROR 54500 --- [nsumerMonitor-1] .l.DirectReplyToMessageListenerContainer : Cannot connect to server

org.springframework.amqp.AmqpConnectException: java.net.ConnectException: Connection refused: no further information
	at org.springframework.amqp.rabbit.support.RabbitExceptionTranslator.convertRabbitAccessException(RabbitExceptionTranslator.java:61) ~[spring-rabbit-3.1.3.jar:3.1.3]
	at org.springframework.amqp.rabbit.connection.AbstractConnectionFactory.createBareConnection(AbstractConnectionFactory.java:622) ~[spring-rabbit-3.1.3.jar:3.1.3]
	at org.springframework.amqp.rabbit.connection.CachingConnectionFactory.createConnection(CachingConnectionFactory.java:727) ~[spring-rabbit-3.1.3.jar:3.1.3]
	at org.springframework.amqp.rabbit.listener.DirectMessageListenerContainer.doConsumeFromQueue(DirectMessageListenerContainer.java:746) ~[spring-rabbit-3.1.3.jar:3.1.3]
	at org.springframework.amqp.rabbit.listener.DirectMessageListenerContainer.restartConsumer(DirectMessageListenerContainer.java:598) ~[spring-rabbit-3.1.3.jar:3.1.3]
	at org.springframework.amqp.rabbit.listener.DirectMessageListenerContainer.lambda$startMonitor$3(DirectMessageListenerContainer.java:521) ~[spring-rabbit-3.1.3.jar:3.1.3]
	at org.springframework.scheduling.support.DelegatingErrorHandlingRunnable.run(DelegatingErrorHandlingRunnable.java:54) ~[spring-context-6.1.5.jar:6.1.5]
	at java.base/java.util.concurrent.Executors$RunnableAdapter.call(Executors.java:539) ~[na:na]
	at java.base/java.util.concurrent.FutureTask.runAndReset(FutureTask.java:305) ~[na:na]
	at java.base/java.util.concurrent.ScheduledThreadPoolExecutor$ScheduledFutureTask.run(ScheduledThreadPoolExecutor.java:305) ~[na:na]
	at java.base/java.util.concurrent.ThreadPoolExecutor.runWorker(ThreadPoolExecutor.java:1136) ~[na:na]
	at java.base/java.util.concurrent.ThreadPoolExecutor$Worker.run(ThreadPoolExecutor.java:635) ~[na:na]
	at java.base/java.lang.Thread.run(Thread.java:842) ~[na:na]
Caused by: java.net.ConnectException: Connection refused: no further information
	at java.base/sun.nio.ch.Net.pollConnect(Native Method) ~[na:na]
	at java.base/sun.nio.ch.Net.pollConnectNow(Net.java:672) ~[na:na]
	at java.base/sun.nio.ch.NioSocketImpl.timedFinishConnect(NioSocketImpl.java:547) ~[na:na]
	at java.base/sun.nio.ch.NioSocketImpl.connect(NioSocketImpl.java:602) ~[na:na]
	at java.base/java.net.SocksSocketImpl.connect(SocksSocketImpl.java:327) ~[na:na]
	at java.base/java.net.Socket.connect(Socket.java:633) ~[na:na]
	at com.rabbitmq.client.impl.SocketFrameHandlerFactory.create(SocketFrameHandlerFactory.java:61) ~[amqp-client-5.19.0.jar:5.19.0]
	at com.rabbitmq.client.ConnectionFactory.newConnection(ConnectionFactory.java:1249) ~[amqp-client-5.19.0.jar:5.19.0]
	at com.rabbitmq.client.ConnectionFactory.newConnection(ConnectionFactory.java:1198) ~[amqp-client-5.19.0.jar:5.19.0]
	at org.springframework.amqp.rabbit.connection.AbstractConnectionFactory.connectAddresses(AbstractConnectionFactory.java:668) ~[spring-rabbit-3.1.3.jar:3.1.3]
	at org.springframework.amqp.rabbit.connection.AbstractConnectionFactory.connect(AbstractConnectionFactory.java:637) ~[spring-rabbit-3.1.3.jar:3.1.3]
	at org.springframework.amqp.rabbit.connection.AbstractConnectionFactory.createBareConnection(AbstractConnectionFactory.java:584) ~[spring-rabbit-3.1.3.jar:3.1.3]
	... 11 common frames omitted

]]></system-out>
  <system-err><![CDATA[]]></system-err>
</testsuite>
